2022-01-20 14:09:21 [32minfo[39m: [12801] Master Started 
2022-01-20 14:09:21 [32minfo[39m: Cluster metrics server listening to 5555, metrics exposed on http://localhost:5555/metrics 
2022-01-20 14:09:22 [32minfo[39m: CORS enabled for http://localhost:3000/, http://localhost:3001/, http://localhost:5000/ 
2022-01-20 14:09:22 [32minfo[39m: [12805] Worker started 
2022-01-20 14:09:22 [32minfo[39m: Handlebar helpers registration started 
2022-01-20 14:09:22 [33mwarn[39m: Code Injection is disabled. Helpers such as code, inject, pg, csv and functionalities such as external helpers, will not work. 
2022-01-20 14:09:22 [32minfo[39m: Handlebar helpers registration completed 
2022-01-20 14:09:22 [32minfo[39m: Worker sharing HTTP server at http://localhost:8080 ⛳ 
2022-01-20 14:09:33 [31merror[39m: No suitable mock file found: /Users/maguangchen/Desktop/spike_camouflage/mocks/__/GET.mock 
2022-01-20 14:09:33 [33mwarn[39m: HTTP GET /hello-world :: Query Parameters: {} | Request Headers {"host":"localhost:8080","connection":"keep-alive","sec-ch-ua":"\" Not;A Brand\";v=\"99\", \"Google Chrome\";v=\"97\", \"Chromium\";v=\"97\"","sec-ch-ua-mobile":"?0","sec-ch-ua-platform":"\"macOS\"","upgrade-insecure-requests":"1","user-agent":"Mozilla/5.0 (Macintosh; Intel Mac OS X 10_15_7) AppleWebKit/537.36 (KHTML, like Gecko) Chrome/97.0.4692.71 Safari/537.36","accept":"text/html,application/xhtml+xml,application/xml;q=0.9,image/avif,image/webp,image/apng,*/*;q=0.8,application/signed-exchange;v=b3;q=0.9","sec-fetch-site":"cross-site","sec-fetch-mode":"navigate","sec-fetch-user":"?1","sec-fetch-dest":"document","accept-encoding":"gzip, deflate, br","accept-language":"en-US,en;q=0.9,zh;q=0.8,zh-TW;q=0.7,und;q=0.6","cookie":"sc=GHUUyl5aTgV0XBEb56qU8yFscqalyhlc"} | Request Body {} 
2022-01-20 14:09:34 [31merror[39m: No suitable mock file found: /Users/maguangchen/Desktop/spike_camouflage/mocks/__/GET.mock 
2022-01-20 14:09:34 [33mwarn[39m: HTTP GET /favicon.ico :: Query Parameters: {} | Request Headers {"host":"localhost:8080","connection":"keep-alive","sec-ch-ua":"\" Not;A Brand\";v=\"99\", \"Google Chrome\";v=\"97\", \"Chromium\";v=\"97\"","sec-ch-ua-mobile":"?0","user-agent":"Mozilla/5.0 (Macintosh; Intel Mac OS X 10_15_7) AppleWebKit/537.36 (KHTML, like Gecko) Chrome/97.0.4692.71 Safari/537.36","sec-ch-ua-platform":"\"macOS\"","accept":"image/avif,image/webp,image/apng,image/svg+xml,image/*,*/*;q=0.8","sec-fetch-site":"same-origin","sec-fetch-mode":"no-cors","sec-fetch-dest":"image","referer":"http://localhost:8080/hello-world","accept-encoding":"gzip, deflate, br","accept-language":"en-US,en;q=0.9,zh;q=0.8,zh-TW;q=0.7,und;q=0.6","cookie":"sc=GHUUyl5aTgV0XBEb56qU8yFscqalyhlc"} | Request Body {} 
2022-01-20 14:09:49 [31merror[39m: No suitable mock file found: /Users/maguangchen/Desktop/spike_camouflage/mocks/GET.mock/GET.mock 
2022-01-20 14:09:49 [33mwarn[39m: HTTP GET /GET.mock :: Query Parameters: {} | Request Headers {"host":"localhost:8080","connection":"keep-alive","sec-ch-ua":"\" Not;A Brand\";v=\"99\", \"Google Chrome\";v=\"97\", \"Chromium\";v=\"97\"","sec-ch-ua-mobile":"?0","sec-ch-ua-platform":"\"macOS\"","upgrade-insecure-requests":"1","user-agent":"Mozilla/5.0 (Macintosh; Intel Mac OS X 10_15_7) AppleWebKit/537.36 (KHTML, like Gecko) Chrome/97.0.4692.71 Safari/537.36","accept":"text/html,application/xhtml+xml,application/xml;q=0.9,image/avif,image/webp,image/apng,*/*;q=0.8,application/signed-exchange;v=b3;q=0.9","sec-fetch-site":"none","sec-fetch-mode":"navigate","sec-fetch-user":"?1","sec-fetch-dest":"document","accept-encoding":"gzip, deflate, br","accept-language":"en-US,en;q=0.9,zh;q=0.8,zh-TW;q=0.7,und;q=0.6","cookie":"sc=GHUUyl5aTgV0XBEb56qU8yFscqalyhlc"} | Request Body {} 
2022-01-20 14:10:08 [31merror[39m: No suitable mock file found: /Users/maguangchen/Desktop/spike_camouflage/mocks/__/GET.mock 
2022-01-20 14:10:08 [33mwarn[39m: HTTP GET /mocks/GET.mock :: Query Parameters: {} | Request Headers {"host":"localhost:8080","connection":"keep-alive","sec-ch-ua":"\" Not;A Brand\";v=\"99\", \"Google Chrome\";v=\"97\", \"Chromium\";v=\"97\"","sec-ch-ua-mobile":"?0","sec-ch-ua-platform":"\"macOS\"","upgrade-insecure-requests":"1","user-agent":"Mozilla/5.0 (Macintosh; Intel Mac OS X 10_15_7) AppleWebKit/537.36 (KHTML, like Gecko) Chrome/97.0.4692.71 Safari/537.36","accept":"text/html,application/xhtml+xml,application/xml;q=0.9,image/avif,image/webp,image/apng,*/*;q=0.8,application/signed-exchange;v=b3;q=0.9","sec-fetch-site":"none","sec-fetch-mode":"navigate","sec-fetch-user":"?1","sec-fetch-dest":"document","accept-encoding":"gzip, deflate, br","accept-language":"en-US,en;q=0.9,zh;q=0.8,zh-TW;q=0.7,und;q=0.6","cookie":"sc=GHUUyl5aTgV0XBEb56qU8yFscqalyhlc"} | Request Body {} 
2022-01-20 14:10:47 [32minfo[39m: [12839] Master Started 
2022-01-20 14:10:47 [32minfo[39m: Cluster metrics server listening to 5555, metrics exposed on http://localhost:5555/metrics 
2022-01-20 14:10:48 [32minfo[39m: CORS enabled for http://localhost:3000/, http://localhost:3001/, http://localhost:5000/ 
2022-01-20 14:10:48 [32minfo[39m: [12843] Worker started 
2022-01-20 14:10:48 [32minfo[39m: Handlebar helpers registration started 
2022-01-20 14:10:48 [33mwarn[39m: Code Injection is disabled. Helpers such as code, inject, pg, csv and functionalities such as external helpers, will not work. 
2022-01-20 14:10:48 [32minfo[39m: Handlebar helpers registration completed 
2022-01-20 14:10:48 [32minfo[39m: Worker sharing HTTP server at http://localhost:8080 ⛳ 
2022-01-20 14:11:09 [31merror[39m: No suitable mock file found: /Users/maguangchen/Desktop/spike_camouflage/mocks/__/GET.mock 
2022-01-20 14:11:09 [33mwarn[39m: HTTP GET /mocks/test1 :: Query Parameters: {} | Request Headers {"host":"localhost:8080","connection":"keep-alive","sec-ch-ua":"\" Not;A Brand\";v=\"99\", \"Google Chrome\";v=\"97\", \"Chromium\";v=\"97\"","sec-ch-ua-mobile":"?0","sec-ch-ua-platform":"\"macOS\"","upgrade-insecure-requests":"1","user-agent":"Mozilla/5.0 (Macintosh; Intel Mac OS X 10_15_7) AppleWebKit/537.36 (KHTML, like Gecko) Chrome/97.0.4692.71 Safari/537.36","accept":"text/html,application/xhtml+xml,application/xml;q=0.9,image/avif,image/webp,image/apng,*/*;q=0.8,application/signed-exchange;v=b3;q=0.9","sec-fetch-site":"none","sec-fetch-mode":"navigate","sec-fetch-user":"?1","sec-fetch-dest":"document","accept-encoding":"gzip, deflate, br","accept-language":"en-US,en;q=0.9,zh;q=0.8,zh-TW;q=0.7,und;q=0.6","cookie":"sc=GHUUyl5aTgV0XBEb56qU8yFscqalyhlc"} | Request Body {} 
2022-01-20 14:11:13 [31merror[39m: No suitable mock file found: /Users/maguangchen/Desktop/spike_camouflage/mocks/__/GET.mock 
2022-01-20 14:11:13 [33mwarn[39m: HTTP GET /mocks/test1.mock :: Query Parameters: {} | Request Headers {"host":"localhost:8080","connection":"keep-alive","sec-ch-ua":"\" Not;A Brand\";v=\"99\", \"Google Chrome\";v=\"97\", \"Chromium\";v=\"97\"","sec-ch-ua-mobile":"?0","sec-ch-ua-platform":"\"macOS\"","upgrade-insecure-requests":"1","user-agent":"Mozilla/5.0 (Macintosh; Intel Mac OS X 10_15_7) AppleWebKit/537.36 (KHTML, like Gecko) Chrome/97.0.4692.71 Safari/537.36","accept":"text/html,application/xhtml+xml,application/xml;q=0.9,image/avif,image/webp,image/apng,*/*;q=0.8,application/signed-exchange;v=b3;q=0.9","sec-fetch-site":"none","sec-fetch-mode":"navigate","sec-fetch-user":"?1","sec-fetch-dest":"document","accept-encoding":"gzip, deflate, br","accept-language":"en-US,en;q=0.9,zh;q=0.8,zh-TW;q=0.7,und;q=0.6","cookie":"sc=GHUUyl5aTgV0XBEb56qU8yFscqalyhlc"} | Request Body {} 
2022-01-20 14:11:44 [31merror[39m: No suitable mock file found: /Users/maguangchen/Desktop/spike_camouflage/mocks/__/GET.mock 
2022-01-20 14:11:44 [33mwarn[39m: HTTP GET /mocks :: Query Parameters: {} | Request Headers {"host":"localhost:8080","connection":"keep-alive","sec-ch-ua":"\" Not;A Brand\";v=\"99\", \"Google Chrome\";v=\"97\", \"Chromium\";v=\"97\"","sec-ch-ua-mobile":"?0","sec-ch-ua-platform":"\"macOS\"","upgrade-insecure-requests":"1","user-agent":"Mozilla/5.0 (Macintosh; Intel Mac OS X 10_15_7) AppleWebKit/537.36 (KHTML, like Gecko) Chrome/97.0.4692.71 Safari/537.36","accept":"text/html,application/xhtml+xml,application/xml;q=0.9,image/avif,image/webp,image/apng,*/*;q=0.8,application/signed-exchange;v=b3;q=0.9","sec-fetch-site":"none","sec-fetch-mode":"navigate","sec-fetch-user":"?1","sec-fetch-dest":"document","accept-encoding":"gzip, deflate, br","accept-language":"en-US,en;q=0.9,zh;q=0.8,zh-TW;q=0.7,und;q=0.6","cookie":"sc=GHUUyl5aTgV0XBEb56qU8yFscqalyhlc"} | Request Body {} 
2022-01-20 14:11:48 [31merror[39m: No suitable mock file found: /Users/maguangchen/Desktop/spike_camouflage/mocks/__/GET.mock 
2022-01-20 14:11:48 [33mwarn[39m: HTTP GET /mocks/ :: Query Parameters: {} | Request Headers {"host":"localhost:8080","connection":"keep-alive","sec-ch-ua":"\" Not;A Brand\";v=\"99\", \"Google Chrome\";v=\"97\", \"Chromium\";v=\"97\"","sec-ch-ua-mobile":"?0","sec-ch-ua-platform":"\"macOS\"","upgrade-insecure-requests":"1","user-agent":"Mozilla/5.0 (Macintosh; Intel Mac OS X 10_15_7) AppleWebKit/537.36 (KHTML, like Gecko) Chrome/97.0.4692.71 Safari/537.36","accept":"text/html,application/xhtml+xml,application/xml;q=0.9,image/avif,image/webp,image/apng,*/*;q=0.8,application/signed-exchange;v=b3;q=0.9","sec-fetch-site":"none","sec-fetch-mode":"navigate","sec-fetch-user":"?1","sec-fetch-dest":"document","accept-encoding":"gzip, deflate, br","accept-language":"en-US,en;q=0.9,zh;q=0.8,zh-TW;q=0.7,und;q=0.6","cookie":"sc=GHUUyl5aTgV0XBEb56qU8yFscqalyhlc"} | Request Body {} 
2022-01-20 14:12:12 [31merror[39m: No suitable mock file found: /Users/maguangchen/Desktop/spike_camouflage/mocks/__/GET.mock 
2022-01-20 14:12:12 [33mwarn[39m: HTTP GET /mocks/helloworld :: Query Parameters: {} | Request Headers {"host":"localhost:8080","connection":"keep-alive","sec-ch-ua":"\" Not;A Brand\";v=\"99\", \"Google Chrome\";v=\"97\", \"Chromium\";v=\"97\"","sec-ch-ua-mobile":"?0","sec-ch-ua-platform":"\"macOS\"","upgrade-insecure-requests":"1","user-agent":"Mozilla/5.0 (Macintosh; Intel Mac OS X 10_15_7) AppleWebKit/537.36 (KHTML, like Gecko) Chrome/97.0.4692.71 Safari/537.36","accept":"text/html,application/xhtml+xml,application/xml;q=0.9,image/avif,image/webp,image/apng,*/*;q=0.8,application/signed-exchange;v=b3;q=0.9","sec-fetch-site":"none","sec-fetch-mode":"navigate","sec-fetch-user":"?1","sec-fetch-dest":"document","accept-encoding":"gzip, deflate, br","accept-language":"en-US,en;q=0.9,zh;q=0.8,zh-TW;q=0.7,und;q=0.6","cookie":"sc=GHUUyl5aTgV0XBEb56qU8yFscqalyhlc"} | Request Body {} 
2022-01-20 14:12:46 [31merror[39m: No suitable mock file found: /Users/maguangchen/Desktop/spike_camouflage/mocks/__/GET.mock 
2022-01-20 14:12:46 [33mwarn[39m: HTTP GET /mocks/hello-world :: Query Parameters: {} | Request Headers {"host":"localhost:8080","connection":"keep-alive","sec-ch-ua":"\" Not;A Brand\";v=\"99\", \"Google Chrome\";v=\"97\", \"Chromium\";v=\"97\"","sec-ch-ua-mobile":"?0","sec-ch-ua-platform":"\"macOS\"","upgrade-insecure-requests":"1","user-agent":"Mozilla/5.0 (Macintosh; Intel Mac OS X 10_15_7) AppleWebKit/537.36 (KHTML, like Gecko) Chrome/97.0.4692.71 Safari/537.36","accept":"text/html,application/xhtml+xml,application/xml;q=0.9,image/avif,image/webp,image/apng,*/*;q=0.8,application/signed-exchange;v=b3;q=0.9","sec-fetch-site":"none","sec-fetch-mode":"navigate","sec-fetch-user":"?1","sec-fetch-dest":"document","accept-encoding":"gzip, deflate, br","accept-language":"en-US,en;q=0.9,zh;q=0.8,zh-TW;q=0.7,und;q=0.6","cookie":"sc=GHUUyl5aTgV0XBEb56qU8yFscqalyhlc"} | Request Body {} 
2022-01-20 14:12:51 [32minfo[39m: [12879] Master Started 
2022-01-20 14:12:51 [32minfo[39m: Cluster metrics server listening to 5555, metrics exposed on http://localhost:5555/metrics 
2022-01-20 14:12:52 [32minfo[39m: CORS enabled for http://localhost:3000/, http://localhost:3001/, http://localhost:5000/ 
2022-01-20 14:12:52 [32minfo[39m: [12884] Worker started 
2022-01-20 14:12:52 [32minfo[39m: Handlebar helpers registration started 
2022-01-20 14:12:52 [33mwarn[39m: Code Injection is disabled. Helpers such as code, inject, pg, csv and functionalities such as external helpers, will not work. 
2022-01-20 14:12:52 [32minfo[39m: Handlebar helpers registration completed 
2022-01-20 14:12:52 [32minfo[39m: Worker sharing HTTP server at http://localhost:8080 ⛳ 
2022-01-20 14:12:54 [31merror[39m: No suitable mock file found: /Users/maguangchen/Desktop/spike_camouflage/mocks/__/GET.mock 
2022-01-20 14:12:54 [33mwarn[39m: HTTP GET /mocks/hello-world :: Query Parameters: {} | Request Headers {"host":"localhost:8080","connection":"keep-alive","cache-control":"max-age=0","sec-ch-ua":"\" Not;A Brand\";v=\"99\", \"Google Chrome\";v=\"97\", \"Chromium\";v=\"97\"","sec-ch-ua-mobile":"?0","sec-ch-ua-platform":"\"macOS\"","upgrade-insecure-requests":"1","user-agent":"Mozilla/5.0 (Macintosh; Intel Mac OS X 10_15_7) AppleWebKit/537.36 (KHTML, like Gecko) Chrome/97.0.4692.71 Safari/537.36","accept":"text/html,application/xhtml+xml,application/xml;q=0.9,image/avif,image/webp,image/apng,*/*;q=0.8,application/signed-exchange;v=b3;q=0.9","sec-fetch-site":"none","sec-fetch-mode":"navigate","sec-fetch-user":"?1","sec-fetch-dest":"document","accept-encoding":"gzip, deflate, br","accept-language":"en-US,en;q=0.9,zh;q=0.8,zh-TW;q=0.7,und;q=0.6","cookie":"sc=GHUUyl5aTgV0XBEb56qU8yFscqalyhlc"} | Request Body {} 
2022-01-20 14:12:55 [31merror[39m: No suitable mock file found: /Users/maguangchen/Desktop/spike_camouflage/mocks/__/GET.mock 
2022-01-20 14:12:55 [33mwarn[39m: HTTP GET /mocks/hello-world :: Query Parameters: {} | Request Headers {"host":"localhost:8080","connection":"keep-alive","cache-control":"max-age=0","sec-ch-ua":"\" Not;A Brand\";v=\"99\", \"Google Chrome\";v=\"97\", \"Chromium\";v=\"97\"","sec-ch-ua-mobile":"?0","sec-ch-ua-platform":"\"macOS\"","upgrade-insecure-requests":"1","user-agent":"Mozilla/5.0 (Macintosh; Intel Mac OS X 10_15_7) AppleWebKit/537.36 (KHTML, like Gecko) Chrome/97.0.4692.71 Safari/537.36","accept":"text/html,application/xhtml+xml,application/xml;q=0.9,image/avif,image/webp,image/apng,*/*;q=0.8,application/signed-exchange;v=b3;q=0.9","sec-fetch-site":"none","sec-fetch-mode":"navigate","sec-fetch-user":"?1","sec-fetch-dest":"document","accept-encoding":"gzip, deflate, br","accept-language":"en-US,en;q=0.9,zh;q=0.8,zh-TW;q=0.7,und;q=0.6","cookie":"sc=GHUUyl5aTgV0XBEb56qU8yFscqalyhlc"} | Request Body {} 
2022-01-20 14:12:55 [31merror[39m: No suitable mock file found: /Users/maguangchen/Desktop/spike_camouflage/mocks/__/GET.mock 
2022-01-20 14:12:55 [33mwarn[39m: HTTP GET /mocks/hello-world :: Query Parameters: {} | Request Headers {"host":"localhost:8080","connection":"keep-alive","cache-control":"max-age=0","sec-ch-ua":"\" Not;A Brand\";v=\"99\", \"Google Chrome\";v=\"97\", \"Chromium\";v=\"97\"","sec-ch-ua-mobile":"?0","sec-ch-ua-platform":"\"macOS\"","upgrade-insecure-requests":"1","user-agent":"Mozilla/5.0 (Macintosh; Intel Mac OS X 10_15_7) AppleWebKit/537.36 (KHTML, like Gecko) Chrome/97.0.4692.71 Safari/537.36","accept":"text/html,application/xhtml+xml,application/xml;q=0.9,image/avif,image/webp,image/apng,*/*;q=0.8,application/signed-exchange;v=b3;q=0.9","sec-fetch-site":"none","sec-fetch-mode":"navigate","sec-fetch-user":"?1","sec-fetch-dest":"document","accept-encoding":"gzip, deflate, br","accept-language":"en-US,en;q=0.9,zh;q=0.8,zh-TW;q=0.7,und;q=0.6","cookie":"sc=GHUUyl5aTgV0XBEb56qU8yFscqalyhlc"} | Request Body {} 
2022-01-20 14:12:56 [31merror[39m: No suitable mock file found: /Users/maguangchen/Desktop/spike_camouflage/mocks/__/GET.mock 
2022-01-20 14:12:56 [33mwarn[39m: HTTP GET /mocks/hello-world :: Query Parameters: {} | Request Headers {"host":"localhost:8080","connection":"keep-alive","cache-control":"max-age=0","sec-ch-ua":"\" Not;A Brand\";v=\"99\", \"Google Chrome\";v=\"97\", \"Chromium\";v=\"97\"","sec-ch-ua-mobile":"?0","sec-ch-ua-platform":"\"macOS\"","upgrade-insecure-requests":"1","user-agent":"Mozilla/5.0 (Macintosh; Intel Mac OS X 10_15_7) AppleWebKit/537.36 (KHTML, like Gecko) Chrome/97.0.4692.71 Safari/537.36","accept":"text/html,application/xhtml+xml,application/xml;q=0.9,image/avif,image/webp,image/apng,*/*;q=0.8,application/signed-exchange;v=b3;q=0.9","sec-fetch-site":"none","sec-fetch-mode":"navigate","sec-fetch-user":"?1","sec-fetch-dest":"document","accept-encoding":"gzip, deflate, br","accept-language":"en-US,en;q=0.9,zh;q=0.8,zh-TW;q=0.7,und;q=0.6","cookie":"sc=GHUUyl5aTgV0XBEb56qU8yFscqalyhlc"} | Request Body {} 
2022-01-20 14:12:56 [31merror[39m: No suitable mock file found: /Users/maguangchen/Desktop/spike_camouflage/mocks/__/GET.mock 
2022-01-20 14:12:56 [33mwarn[39m: HTTP GET /mocks/hello-world :: Query Parameters: {} | Request Headers {"host":"localhost:8080","connection":"keep-alive","cache-control":"max-age=0","sec-ch-ua":"\" Not;A Brand\";v=\"99\", \"Google Chrome\";v=\"97\", \"Chromium\";v=\"97\"","sec-ch-ua-mobile":"?0","sec-ch-ua-platform":"\"macOS\"","upgrade-insecure-requests":"1","user-agent":"Mozilla/5.0 (Macintosh; Intel Mac OS X 10_15_7) AppleWebKit/537.36 (KHTML, like Gecko) Chrome/97.0.4692.71 Safari/537.36","accept":"text/html,application/xhtml+xml,application/xml;q=0.9,image/avif,image/webp,image/apng,*/*;q=0.8,application/signed-exchange;v=b3;q=0.9","sec-fetch-site":"none","sec-fetch-mode":"navigate","sec-fetch-user":"?1","sec-fetch-dest":"document","accept-encoding":"gzip, deflate, br","accept-language":"en-US,en;q=0.9,zh;q=0.8,zh-TW;q=0.7,und;q=0.6","cookie":"sc=GHUUyl5aTgV0XBEb56qU8yFscqalyhlc"} | Request Body {} 
2022-01-20 14:12:56 [31merror[39m: No suitable mock file found: /Users/maguangchen/Desktop/spike_camouflage/mocks/__/GET.mock 
2022-01-20 14:12:56 [33mwarn[39m: HTTP GET /mocks/hello-world :: Query Parameters: {} | Request Headers {"host":"localhost:8080","connection":"keep-alive","cache-control":"max-age=0","sec-ch-ua":"\" Not;A Brand\";v=\"99\", \"Google Chrome\";v=\"97\", \"Chromium\";v=\"97\"","sec-ch-ua-mobile":"?0","sec-ch-ua-platform":"\"macOS\"","upgrade-insecure-requests":"1","user-agent":"Mozilla/5.0 (Macintosh; Intel Mac OS X 10_15_7) AppleWebKit/537.36 (KHTML, like Gecko) Chrome/97.0.4692.71 Safari/537.36","accept":"text/html,application/xhtml+xml,application/xml;q=0.9,image/avif,image/webp,image/apng,*/*;q=0.8,application/signed-exchange;v=b3;q=0.9","sec-fetch-site":"none","sec-fetch-mode":"navigate","sec-fetch-user":"?1","sec-fetch-dest":"document","accept-encoding":"gzip, deflate, br","accept-language":"en-US,en;q=0.9,zh;q=0.8,zh-TW;q=0.7,und;q=0.6","cookie":"sc=GHUUyl5aTgV0XBEb56qU8yFscqalyhlc"} | Request Body {} 
2022-01-20 14:12:56 [31merror[39m: No suitable mock file found: /Users/maguangchen/Desktop/spike_camouflage/mocks/__/GET.mock 
2022-01-20 14:12:56 [33mwarn[39m: HTTP GET /mocks/hello-world :: Query Parameters: {} | Request Headers {"host":"localhost:8080","connection":"keep-alive","cache-control":"max-age=0","sec-ch-ua":"\" Not;A Brand\";v=\"99\", \"Google Chrome\";v=\"97\", \"Chromium\";v=\"97\"","sec-ch-ua-mobile":"?0","sec-ch-ua-platform":"\"macOS\"","upgrade-insecure-requests":"1","user-agent":"Mozilla/5.0 (Macintosh; Intel Mac OS X 10_15_7) AppleWebKit/537.36 (KHTML, like Gecko) Chrome/97.0.4692.71 Safari/537.36","accept":"text/html,application/xhtml+xml,application/xml;q=0.9,image/avif,image/webp,image/apng,*/*;q=0.8,application/signed-exchange;v=b3;q=0.9","sec-fetch-site":"none","sec-fetch-mode":"navigate","sec-fetch-user":"?1","sec-fetch-dest":"document","accept-encoding":"gzip, deflate, br","accept-language":"en-US,en;q=0.9,zh;q=0.8,zh-TW;q=0.7,und;q=0.6","cookie":"sc=GHUUyl5aTgV0XBEb56qU8yFscqalyhlc"} | Request Body {} 
2022-01-20 14:23:36 [33mwarn[39m: [12884] Worker Stopped Thu Jan 20 2022 14:23:36 GMT+0800 (台北標準時間) 
2022-01-20 14:23:39 [32minfo[39m: CORS enabled for http://localhost:3000/, http://localhost:3001/, http://localhost:5000/ 
2022-01-20 14:23:39 [32minfo[39m: [13021] Worker started 
2022-01-20 14:23:39 [32minfo[39m: Handlebar helpers registration started 
2022-01-20 14:23:39 [33mwarn[39m: Code Injection is disabled. Helpers such as code, inject, pg, csv and functionalities such as external helpers, will not work. 
2022-01-20 14:23:39 [32minfo[39m: Handlebar helpers registration completed 
2022-01-20 14:23:39 [32minfo[39m: Worker sharing HTTP server at http://localhost:8080 ⛳ 
2022-01-20 14:23:42 [33mwarn[39m: [13021] Worker Stopped Thu Jan 20 2022 14:23:42 GMT+0800 (台北標準時間) 
2022-01-20 14:23:44 [32minfo[39m: CORS enabled for http://localhost:3000/, http://localhost:3001/, http://localhost:5000/ 
2022-01-20 14:23:44 [32minfo[39m: [13030] Worker started 
2022-01-20 14:23:44 [32minfo[39m: Handlebar helpers registration started 
2022-01-20 14:23:44 [33mwarn[39m: Code Injection is disabled. Helpers such as code, inject, pg, csv and functionalities such as external helpers, will not work. 
2022-01-20 14:23:44 [32minfo[39m: Handlebar helpers registration completed 
2022-01-20 14:23:44 [32minfo[39m: Worker sharing HTTP server at http://localhost:8080 ⛳ 
2022-01-20 14:23:52 [33mwarn[39m: [13030] Worker Stopped Thu Jan 20 2022 14:23:52 GMT+0800 (台北標準時間) 
2022-01-20 14:23:54 [32minfo[39m: CORS enabled for http://localhost:3000/, http://localhost:3001/, http://localhost:5000/ 
2022-01-20 14:23:54 [32minfo[39m: [13035] Worker started 
2022-01-20 14:23:54 [32minfo[39m: Handlebar helpers registration started 
2022-01-20 14:23:54 [33mwarn[39m: Code Injection is disabled. Helpers such as code, inject, pg, csv and functionalities such as external helpers, will not work. 
2022-01-20 14:23:54 [32minfo[39m: Handlebar helpers registration completed 
2022-01-20 14:23:54 [32minfo[39m: Worker sharing HTTP server at http://localhost:8080 ⛳ 
2022-01-20 14:23:54 [33mwarn[39m: [13035] Worker Stopped Thu Jan 20 2022 14:23:54 GMT+0800 (台北標準時間) 
2022-01-20 14:23:56 [32minfo[39m: CORS enabled for http://localhost:3000/, http://localhost:3001/, http://localhost:5000/ 
2022-01-20 14:23:56 [32minfo[39m: [13043] Worker started 
2022-01-20 14:23:56 [32minfo[39m: Handlebar helpers registration started 
2022-01-20 14:23:56 [33mwarn[39m: Code Injection is disabled. Helpers such as code, inject, pg, csv and functionalities such as external helpers, will not work. 
2022-01-20 14:23:56 [32minfo[39m: Handlebar helpers registration completed 
2022-01-20 14:23:56 [32minfo[39m: Worker sharing HTTP server at http://localhost:8080 ⛳ 
2022-01-20 14:24:03 [32minfo[39m: [13051] Master Started 
2022-01-20 14:24:03 [32minfo[39m: Cluster metrics server listening to 5555, metrics exposed on http://localhost:5555/metrics 
2022-01-20 14:24:05 [32minfo[39m: CORS enabled for http://localhost:3000/, http://localhost:3001/, http://localhost:5000/ 
2022-01-20 14:24:05 [32minfo[39m: [13056] Worker started 
2022-01-20 14:24:05 [32minfo[39m: Handlebar helpers registration started 
2022-01-20 14:24:05 [33mwarn[39m: Code Injection is disabled. Helpers such as code, inject, pg, csv and functionalities such as external helpers, will not work. 
2022-01-20 14:24:05 [32minfo[39m: Handlebar helpers registration completed 
2022-01-20 14:24:05 [32minfo[39m: Worker sharing HTTP server at http://localhost:8080 ⛳ 
2022-01-20 14:24:21 [33mwarn[39m: [13056] Worker Stopped Thu Jan 20 2022 14:24:21 GMT+0800 (台北標準時間) 
2022-01-20 14:24:23 [32minfo[39m: CORS enabled for http://localhost:3000/, http://localhost:3001/, http://localhost:5000/ 
2022-01-20 14:24:23 [32minfo[39m: [13069] Worker started 
2022-01-20 14:24:23 [32minfo[39m: Handlebar helpers registration started 
2022-01-20 14:24:23 [33mwarn[39m: Code Injection is disabled. Helpers such as code, inject, pg, csv and functionalities such as external helpers, will not work. 
2022-01-20 14:24:23 [32minfo[39m: Handlebar helpers registration completed 
2022-01-20 14:24:23 [32minfo[39m: Worker sharing HTTP server at http://localhost:8080 ⛳ 
2022-01-20 14:24:24 [33mwarn[39m: [13069] Worker Stopped Thu Jan 20 2022 14:24:24 GMT+0800 (台北標準時間) 
2022-01-20 14:24:25 [32minfo[39m: CORS enabled for http://localhost:3000/, http://localhost:3001/, http://localhost:5000/ 
2022-01-20 14:24:25 [32minfo[39m: [13076] Worker started 
2022-01-20 14:24:25 [32minfo[39m: Handlebar helpers registration started 
2022-01-20 14:24:25 [33mwarn[39m: Code Injection is disabled. Helpers such as code, inject, pg, csv and functionalities such as external helpers, will not work. 
2022-01-20 14:24:25 [32minfo[39m: Handlebar helpers registration completed 
2022-01-20 14:24:25 [32minfo[39m: Worker sharing HTTP server at http://localhost:8080 ⛳ 
2022-01-20 14:24:26 [33mwarn[39m: [13076] Worker Stopped Thu Jan 20 2022 14:24:26 GMT+0800 (台北標準時間) 
2022-01-20 14:24:28 [32minfo[39m: CORS enabled for http://localhost:3000/, http://localhost:3001/, http://localhost:5000/ 
2022-01-20 14:24:28 [32minfo[39m: [13080] Worker started 
2022-01-20 14:24:28 [32minfo[39m: Handlebar helpers registration started 
2022-01-20 14:24:28 [33mwarn[39m: Code Injection is disabled. Helpers such as code, inject, pg, csv and functionalities such as external helpers, will not work. 
2022-01-20 14:24:28 [32minfo[39m: Handlebar helpers registration completed 
2022-01-20 14:24:28 [32minfo[39m: Worker sharing HTTP server at http://localhost:8080 ⛳ 
2022-01-20 14:29:38 [33mwarn[39m: Unexpected token a in JSON at position 56 
2022-01-20 14:30:01 [33mwarn[39m: Unexpected token b in JSON at position 52 
2022-01-20 14:35:51 [33mwarn[39m: Unexpected end of JSON input 
2022-01-20 14:36:13 [33mwarn[39m: Unexpected end of JSON input 
2022-01-20 14:36:14 [33mwarn[39m: Unexpected end of JSON input 
2022-01-20 14:36:15 [33mwarn[39m: Unexpected end of JSON input 
2022-01-20 14:36:15 [31merror[39m: No suitable mock file found: /Users/maguangchen/Desktop/spike_camouflage/mocks/__/GET.mock 
2022-01-20 14:36:15 [33mwarn[39m: HTTP GET /favicon.ico :: Query Parameters: {} | Request Headers {"host":"localhost:8080","connection":"keep-alive","pragma":"no-cache","cache-control":"no-cache","sec-ch-ua":"\" Not;A Brand\";v=\"99\", \"Google Chrome\";v=\"97\", \"Chromium\";v=\"97\"","sec-ch-ua-mobile":"?0","user-agent":"Mozilla/5.0 (Macintosh; Intel Mac OS X 10_15_7) AppleWebKit/537.36 (KHTML, like Gecko) Chrome/97.0.4692.71 Safari/537.36","sec-ch-ua-platform":"\"macOS\"","accept":"image/avif,image/webp,image/apng,image/svg+xml,image/*,*/*;q=0.8","sec-fetch-site":"same-origin","sec-fetch-mode":"no-cors","sec-fetch-dest":"image","referer":"http://localhost:8080/magic-number/get-user-photo","accept-encoding":"gzip, deflate, br","accept-language":"en-US,en;q=0.9,zh;q=0.8,zh-TW;q=0.7,und;q=0.6","cookie":"sc=GHUUyl5aTgV0XBEb56qU8yFscqalyhlc"} | Request Body {} 
2022-01-20 14:37:13 [33mwarn[39m: Unexpected end of JSON input 
2022-01-20 14:37:34 [32minfo[39m: [13230] Master Started 
2022-01-20 14:37:34 [32minfo[39m: Cluster metrics server listening to 5555, metrics exposed on http://localhost:5555/metrics 
2022-01-20 14:37:35 [32minfo[39m: CORS enabled for http://localhost:3000/, http://localhost:3001/, http://localhost:5000/ 
2022-01-20 14:37:35 [32minfo[39m: [13234] Worker started 
2022-01-20 14:37:35 [32minfo[39m: Handlebar helpers registration started 
2022-01-20 14:37:35 [33mwarn[39m: Code Injection is disabled. Helpers such as code, inject, pg, csv and functionalities such as external helpers, will not work. 
2022-01-20 14:37:35 [32minfo[39m: Handlebar helpers registration completed 
2022-01-20 14:37:35 [32minfo[39m: Worker sharing HTTP server at http://localhost:8080 ⛳ 
2022-01-20 14:37:38 [33mwarn[39m: Unexpected end of JSON input 
2022-01-20 14:39:02 [32minfo[39m: [13254] Master Started 
2022-01-20 14:39:02 [32minfo[39m: Cluster metrics server listening to 5555, metrics exposed on http://localhost:5555/metrics 
2022-01-20 14:39:03 [32minfo[39m: CORS enabled for http://localhost:3000/, http://localhost:3001/, http://localhost:5000/ 
2022-01-20 14:39:03 [32minfo[39m: [13258] Worker started 
2022-01-20 14:39:03 [32minfo[39m: Handlebar helpers registration started 
2022-01-20 14:39:03 [33mwarn[39m: Code Injection is enabled. 
2022-01-20 14:39:03 [31merror[39m: Loading custom handlebar helpers from ./custom_handlebar.json failed. File not found. 
2022-01-20 14:39:03 [32minfo[39m: Handlebar helpers registration completed 
2022-01-20 14:39:03 [32minfo[39m: Worker sharing HTTP server at http://localhost:8080 ⛳ 
2022-01-20 14:39:09 [32minfo[39m: 6029675660 
2022-01-20 14:39:41 [32minfo[39m: [13270] Master Started 
2022-01-20 14:39:41 [32minfo[39m: Cluster metrics server listening to 5555, metrics exposed on http://localhost:5555/metrics 
2022-01-20 14:39:43 [32minfo[39m: CORS enabled for http://localhost:3000/, http://localhost:3001/, http://localhost:5000/ 
2022-01-20 14:39:43 [32minfo[39m: [13275] Worker started 
2022-01-20 14:39:43 [32minfo[39m: Handlebar helpers registration started 
2022-01-20 14:39:43 [33mwarn[39m: Code Injection is enabled. 
2022-01-20 14:39:43 [31merror[39m: Loading custom handlebar helpers from ./custom_handlebar.json failed. File not found. 
2022-01-20 14:39:43 [32minfo[39m: Handlebar helpers registration completed 
2022-01-20 14:39:43 [32minfo[39m: Worker sharing HTTP server at http://localhost:8080 ⛳ 
2022-01-20 14:39:44 [33mwarn[39m: [13275] Worker Stopped Thu Jan 20 2022 14:39:44 GMT+0800 (台北標準時間) 
2022-01-20 14:39:46 [32minfo[39m: CORS enabled for http://localhost:3000/, http://localhost:3001/, http://localhost:5000/ 
2022-01-20 14:39:46 [32minfo[39m: [13280] Worker started 
2022-01-20 14:39:46 [32minfo[39m: Handlebar helpers registration started 
2022-01-20 14:39:46 [33mwarn[39m: Code Injection is enabled. 
2022-01-20 14:39:46 [31merror[39m: Loading custom handlebar helpers from ./custom_handlebar.json failed. File not found. 
2022-01-20 14:39:46 [32minfo[39m: Handlebar helpers registration completed 
2022-01-20 14:39:46 [32minfo[39m: Worker sharing HTTP server at http://localhost:8080 ⛳ 
2022-01-20 14:39:46 [33mwarn[39m: [13280] Worker Stopped Thu Jan 20 2022 14:39:46 GMT+0800 (台北標準時間) 
2022-01-20 14:39:48 [32minfo[39m: CORS enabled for http://localhost:3000/, http://localhost:3001/, http://localhost:5000/ 
2022-01-20 14:39:48 [32minfo[39m: [13286] Worker started 
2022-01-20 14:39:48 [32minfo[39m: Handlebar helpers registration started 
2022-01-20 14:39:48 [33mwarn[39m: Code Injection is enabled. 
2022-01-20 14:39:48 [31merror[39m: Loading custom handlebar helpers from ./custom_handlebar.json failed. File not found. 
2022-01-20 14:39:48 [32minfo[39m: Handlebar helpers registration completed 
2022-01-20 14:39:48 [32minfo[39m: Worker sharing HTTP server at http://localhost:8080 ⛳ 
2022-01-20 14:39:49 [33mwarn[39m: [13286] Worker Stopped Thu Jan 20 2022 14:39:49 GMT+0800 (台北標準時間) 
2022-01-20 14:39:50 [32minfo[39m: CORS enabled for http://localhost:3000/, http://localhost:3001/, http://localhost:5000/ 
2022-01-20 14:39:50 [32minfo[39m: [13290] Worker started 
2022-01-20 14:39:50 [32minfo[39m: Handlebar helpers registration started 
2022-01-20 14:39:50 [33mwarn[39m: Code Injection is enabled. 
2022-01-20 14:39:50 [31merror[39m: Loading custom handlebar helpers from ./custom_handlebar.json failed. File not found. 
2022-01-20 14:39:50 [32minfo[39m: Handlebar helpers registration completed 
2022-01-20 14:39:50 [32minfo[39m: Worker sharing HTTP server at http://localhost:8080 ⛳ 
2022-01-20 14:39:51 [33mwarn[39m: [13290] Worker Stopped Thu Jan 20 2022 14:39:51 GMT+0800 (台北標準時間) 
2022-01-20 14:39:52 [32minfo[39m: CORS enabled for http://localhost:3000/, http://localhost:3001/, http://localhost:5000/ 
2022-01-20 14:39:52 [32minfo[39m: [13296] Worker started 
2022-01-20 14:39:52 [32minfo[39m: Handlebar helpers registration started 
2022-01-20 14:39:52 [33mwarn[39m: Code Injection is enabled. 
2022-01-20 14:39:52 [31merror[39m: Loading custom handlebar helpers from ./custom_handlebar.json failed. File not found. 
2022-01-20 14:39:52 [32minfo[39m: Handlebar helpers registration completed 
2022-01-20 14:39:52 [32minfo[39m: Worker sharing HTTP server at http://localhost:8080 ⛳ 
2022-01-20 14:39:56 [33mwarn[39m: [13296] Worker Stopped Thu Jan 20 2022 14:39:56 GMT+0800 (台北標準時間) 
2022-01-20 14:39:57 [32minfo[39m: CORS enabled for http://localhost:3000/, http://localhost:3001/, http://localhost:5000/ 
2022-01-20 14:39:57 [32minfo[39m: [13301] Worker started 
2022-01-20 14:39:57 [32minfo[39m: Handlebar helpers registration started 
2022-01-20 14:39:57 [33mwarn[39m: Code Injection is enabled. 
2022-01-20 14:39:57 [31merror[39m: Loading custom handlebar helpers from ./custom_handlebar.json failed. File not found. 
2022-01-20 14:39:57 [32minfo[39m: Handlebar helpers registration completed 
2022-01-20 14:39:57 [32minfo[39m: Worker sharing HTTP server at http://localhost:8080 ⛳ 
2022-01-20 14:40:14 [32minfo[39m: [13306] Master Started 
2022-01-20 14:40:14 [32minfo[39m: Cluster metrics server listening to 5555, metrics exposed on http://localhost:5555/metrics 
2022-01-20 14:40:16 [32minfo[39m: CORS enabled for http://localhost:3000/, http://localhost:3001/, http://localhost:5000/ 
2022-01-20 14:40:16 [32minfo[39m: [13310] Worker started 
2022-01-20 14:40:16 [32minfo[39m: Handlebar helpers registration started 
2022-01-20 14:40:16 [33mwarn[39m: Code Injection is enabled. 
2022-01-20 14:40:16 [31merror[39m: Loading custom handlebar helpers from ./custom_handlebar.json failed. File not found. 
2022-01-20 14:40:16 [32minfo[39m: Handlebar helpers registration completed 
2022-01-20 14:40:16 [32minfo[39m: Worker sharing HTTP server at http://localhost:8080 ⛳ 
2022-01-20 14:40:17 [33mwarn[39m: [13310] Worker Stopped Thu Jan 20 2022 14:40:17 GMT+0800 (台北標準時間) 
2022-01-20 14:40:19 [32minfo[39m: CORS enabled for http://localhost:3000/, http://localhost:3001/, http://localhost:5000/ 
2022-01-20 14:40:19 [32minfo[39m: [13313] Worker started 
2022-01-20 14:40:19 [32minfo[39m: Handlebar helpers registration started 
2022-01-20 14:40:19 [33mwarn[39m: Code Injection is enabled. 
2022-01-20 14:40:19 [31merror[39m: Loading custom handlebar helpers from ./custom_handlebar.json failed. File not found. 
2022-01-20 14:40:19 [32minfo[39m: Handlebar helpers registration completed 
2022-01-20 14:40:19 [32minfo[39m: Worker sharing HTTP server at http://localhost:8080 ⛳ 
2022-01-20 14:40:19 [33mwarn[39m: [13313] Worker Stopped Thu Jan 20 2022 14:40:19 GMT+0800 (台北標準時間) 
2022-01-20 14:40:21 [32minfo[39m: CORS enabled for http://localhost:3000/, http://localhost:3001/, http://localhost:5000/ 
2022-01-20 14:40:21 [32minfo[39m: [13319] Worker started 
2022-01-20 14:40:21 [32minfo[39m: Handlebar helpers registration started 
2022-01-20 14:40:21 [33mwarn[39m: Code Injection is enabled. 
2022-01-20 14:40:21 [31merror[39m: Loading custom handlebar helpers from ./custom_handlebar.json failed. File not found. 
2022-01-20 14:40:21 [32minfo[39m: Handlebar helpers registration completed 
2022-01-20 14:40:21 [32minfo[39m: Worker sharing HTTP server at http://localhost:8080 ⛳ 
2022-01-20 14:41:41 [32minfo[39m: [13346] Master Started 
2022-01-20 14:41:41 [32minfo[39m: Cluster metrics server listening to 5555, metrics exposed on http://localhost:5555/metrics 
2022-01-20 14:41:42 [32minfo[39m: CORS enabled for http://localhost:3000/, http://localhost:3001/, http://localhost:5000/ 
2022-01-20 14:41:42 [32minfo[39m: [13350] Worker started 
2022-01-20 14:41:42 [32minfo[39m: Handlebar helpers registration started 
2022-01-20 14:41:42 [33mwarn[39m: Code Injection is enabled. 
2022-01-20 14:41:42 [31merror[39m: Loading custom handlebar helpers from ./custom_handlebar.json failed. File not found. 
2022-01-20 14:41:42 [32minfo[39m: Handlebar helpers registration completed 
2022-01-20 14:41:42 [32minfo[39m: Worker sharing HTTP server at http://localhost:8080 ⛳ 
2022-01-20 14:41:53 [33mwarn[39m: [13350] Worker Stopped Thu Jan 20 2022 14:41:53 GMT+0800 (台北標準時間) 
2022-01-20 14:41:56 [32minfo[39m: CORS enabled for http://localhost:3000/, http://localhost:3001/, http://localhost:5000/ 
2022-01-20 14:41:56 [32minfo[39m: [13359] Worker started 
2022-01-20 14:41:56 [32minfo[39m: Handlebar helpers registration started 
2022-01-20 14:41:56 [33mwarn[39m: Code Injection is enabled. 
2022-01-20 14:41:56 [31merror[39m: Loading custom handlebar helpers from ./custom_handlebar.json failed. File not found. 
2022-01-20 14:41:56 [32minfo[39m: Handlebar helpers registration completed 
2022-01-20 14:41:56 [32minfo[39m: Worker sharing HTTP server at http://localhost:8080 ⛳ 
2022-01-20 14:42:01 [33mwarn[39m: [13359] Worker Stopped Thu Jan 20 2022 14:42:01 GMT+0800 (台北標準時間) 
2022-01-20 14:42:02 [32minfo[39m: CORS enabled for http://localhost:3000/, http://localhost:3001/, http://localhost:5000/ 
2022-01-20 14:42:02 [32minfo[39m: [13374] Worker started 
2022-01-20 14:42:02 [32minfo[39m: Handlebar helpers registration started 
2022-01-20 14:42:02 [33mwarn[39m: Code Injection is enabled. 
2022-01-20 14:42:02 [31merror[39m: Loading custom handlebar helpers from ./custom_handlebar.json failed. File not found. 
2022-01-20 14:42:02 [32minfo[39m: Handlebar helpers registration completed 
2022-01-20 14:42:02 [32minfo[39m: Worker sharing HTTP server at http://localhost:8080 ⛳ 
2022-01-20 14:42:31 [33mwarn[39m: [13374] Worker Stopped Thu Jan 20 2022 14:42:31 GMT+0800 (台北標準時間) 
2022-01-20 14:42:37 [32minfo[39m: CORS enabled for http://localhost:3000/, http://localhost:3001/, http://localhost:5000/ 
2022-01-20 14:42:37 [32minfo[39m: [13449] Worker started 
2022-01-20 14:42:37 [32minfo[39m: Handlebar helpers registration started 
2022-01-20 14:42:37 [33mwarn[39m: Code Injection is enabled. 
2022-01-20 14:42:37 [31merror[39m: Loading custom handlebar helpers from ./custom_handlebar.json failed. File not found. 
2022-01-20 14:42:37 [32minfo[39m: Handlebar helpers registration completed 
2022-01-20 14:42:37 [32minfo[39m: Worker sharing HTTP server at http://localhost:8080 ⛳ 
2022-01-20 14:43:31 [33mwarn[39m: [13449] Worker Stopped Thu Jan 20 2022 14:43:31 GMT+0800 (台北標準時間) 
2022-01-20 14:43:34 [32minfo[39m: CORS enabled for http://localhost:3000/, http://localhost:3001/, http://localhost:5000/ 
2022-01-20 14:43:34 [32minfo[39m: [13499] Worker started 
2022-01-20 14:43:34 [32minfo[39m: Handlebar helpers registration started 
2022-01-20 14:43:34 [33mwarn[39m: Code Injection is enabled. 
2022-01-20 14:43:34 [31merror[39m: Loading custom handlebar helpers from ./custom_handlebar.json failed. File not found. 
2022-01-20 14:43:34 [32minfo[39m: Handlebar helpers registration completed 
2022-01-20 14:43:34 [32minfo[39m: Worker sharing HTTP server at http://localhost:8080 ⛳ 
2022-01-20 14:43:47 [32minfo[39m: [13508] Master Started 
2022-01-20 14:43:47 [32minfo[39m: Cluster metrics server listening to 5555, metrics exposed on http://localhost:5555/metrics 
2022-01-20 14:43:48 [32minfo[39m: CORS enabled for http://localhost:3000/, http://localhost:3001/, http://localhost:5000/ 
2022-01-20 14:43:48 [32minfo[39m: [13512] Worker started 
2022-01-20 14:43:48 [32minfo[39m: Handlebar helpers registration started 
2022-01-20 14:43:48 [33mwarn[39m: Code Injection is enabled. 
2022-01-20 14:43:48 [31merror[39m: Loading custom handlebar helpers from ./custom_handlebar.json failed. File not found. 
2022-01-20 14:43:48 [32minfo[39m: Handlebar helpers registration completed 
2022-01-20 14:43:48 [32minfo[39m: Worker sharing HTTP server at http://localhost:8080 ⛳ 
2022-01-20 14:43:51 [33mwarn[39m: [13512] Worker Stopped Thu Jan 20 2022 14:43:51 GMT+0800 (台北標準時間) 
2022-01-20 14:43:53 [32minfo[39m: CORS enabled for http://localhost:3000/, http://localhost:3001/, http://localhost:5000/ 
2022-01-20 14:43:53 [32minfo[39m: [13517] Worker started 
2022-01-20 14:43:53 [32minfo[39m: Handlebar helpers registration started 
2022-01-20 14:43:53 [33mwarn[39m: Code Injection is enabled. 
2022-01-20 14:43:53 [31merror[39m: Loading custom handlebar helpers from ./custom_handlebar.json failed. File not found. 
2022-01-20 14:43:53 [32minfo[39m: Handlebar helpers registration completed 
2022-01-20 14:43:53 [32minfo[39m: Worker sharing HTTP server at http://localhost:8080 ⛳ 
2022-01-20 14:46:23 [32minfo[39m: [13550] Master Started 
2022-01-20 14:46:23 [32minfo[39m: Cluster metrics server listening to 5555, metrics exposed on http://localhost:5555/metrics 
2022-01-20 14:46:25 [32minfo[39m: CORS enabled for http://localhost:3000/, http://localhost:3001/, http://localhost:5000/ 
2022-01-20 14:46:25 [32minfo[39m: [13554] Worker started 
2022-01-20 14:46:25 [32minfo[39m: Handlebar helpers registration started 
2022-01-20 14:46:25 [33mwarn[39m: Code Injection is enabled. 
2022-01-20 14:46:25 [31merror[39m: Loading custom handlebar helpers from ./custom_handlebar.json failed. File not found. 
2022-01-20 14:46:25 [32minfo[39m: Handlebar helpers registration completed 
2022-01-20 14:46:25 [32minfo[39m: Worker sharing HTTP server at http://localhost:8080 ⛳ 
2022-01-20 14:46:27 [33mwarn[39m: [13554] Worker Stopped Thu Jan 20 2022 14:46:27 GMT+0800 (台北標準時間) 
2022-01-20 14:46:29 [32minfo[39m: CORS enabled for http://localhost:3000/, http://localhost:3001/, http://localhost:5000/ 
2022-01-20 14:46:29 [32minfo[39m: [13559] Worker started 
2022-01-20 14:46:29 [32minfo[39m: Handlebar helpers registration started 
2022-01-20 14:46:29 [33mwarn[39m: Code Injection is enabled. 
2022-01-20 14:46:29 [31merror[39m: Loading custom handlebar helpers from ./custom_handlebar.json failed. File not found. 
2022-01-20 14:46:29 [32minfo[39m: Handlebar helpers registration completed 
2022-01-20 14:46:29 [32minfo[39m: Worker sharing HTTP server at http://localhost:8080 ⛳ 
2022-01-20 14:47:30 [32minfo[39m: [13578] Master Started 
2022-01-20 14:47:30 [32minfo[39m: Cluster metrics server listening to 5555, metrics exposed on http://localhost:5555/metrics 
2022-01-20 14:47:31 [32minfo[39m: CORS enabled for http://localhost:3000/, http://localhost:3001/, http://localhost:5000/ 
2022-01-20 14:47:31 [32minfo[39m: [13582] Worker started 
2022-01-20 14:47:31 [32minfo[39m: Handlebar helpers registration started 
2022-01-20 14:47:31 [33mwarn[39m: Code Injection is enabled. 
2022-01-20 14:47:31 [31merror[39m: Loading custom handlebar helpers from ./custom_handlebar.json failed. File not found. 
2022-01-20 14:47:31 [32minfo[39m: Handlebar helpers registration completed 
2022-01-20 14:47:31 [32minfo[39m: Worker sharing HTTP server at http://localhost:8080 ⛳ 
2022-01-20 14:47:34 [33mwarn[39m: [13582] Worker Stopped Thu Jan 20 2022 14:47:34 GMT+0800 (台北標準時間) 
2022-01-20 14:47:35 [32minfo[39m: CORS enabled for http://localhost:3000/, http://localhost:3001/, http://localhost:5000/ 
2022-01-20 14:47:35 [32minfo[39m: [13587] Worker started 
2022-01-20 14:47:35 [32minfo[39m: Handlebar helpers registration started 
2022-01-20 14:47:35 [33mwarn[39m: Code Injection is enabled. 
2022-01-20 14:47:35 [31merror[39m: Loading custom handlebar helpers from ./custom_handlebar.json failed. File not found. 
2022-01-20 14:47:35 [32minfo[39m: Handlebar helpers registration completed 
2022-01-20 14:47:35 [32minfo[39m: Worker sharing HTTP server at http://localhost:8080 ⛳ 
2022-01-20 14:47:45 [33mwarn[39m: [13587] Worker Stopped Thu Jan 20 2022 14:47:45 GMT+0800 (台北標準時間) 
2022-01-20 14:47:47 [32minfo[39m: CORS enabled for http://localhost:3000/, http://localhost:3001/, http://localhost:5000/ 
2022-01-20 14:47:47 [32minfo[39m: [13599] Worker started 
2022-01-20 14:47:47 [32minfo[39m: Handlebar helpers registration started 
2022-01-20 14:47:47 [33mwarn[39m: Code Injection is enabled. 
2022-01-20 14:47:47 [31merror[39m: Loading custom handlebar helpers from ./custom_handlebar.json failed. File not found. 
2022-01-20 14:47:47 [32minfo[39m: Handlebar helpers registration completed 
2022-01-20 14:47:47 [32minfo[39m: Worker sharing HTTP server at http://localhost:8080 ⛳ 
2022-01-20 14:47:47 [33mwarn[39m: [13599] Worker Stopped Thu Jan 20 2022 14:47:47 GMT+0800 (台北標準時間) 
2022-01-20 14:47:49 [32minfo[39m: CORS enabled for http://localhost:3000/, http://localhost:3001/, http://localhost:5000/ 
2022-01-20 14:47:49 [32minfo[39m: [13605] Worker started 
2022-01-20 14:47:49 [32minfo[39m: Handlebar helpers registration started 
2022-01-20 14:47:49 [33mwarn[39m: Code Injection is enabled. 
2022-01-20 14:47:49 [31merror[39m: Loading custom handlebar helpers from ./custom_handlebar.json failed. File not found. 
2022-01-20 14:47:49 [32minfo[39m: Handlebar helpers registration completed 
2022-01-20 14:47:49 [32minfo[39m: Worker sharing HTTP server at http://localhost:8080 ⛳ 
2022-01-20 14:48:33 [33mwarn[39m: [13605] Worker Stopped Thu Jan 20 2022 14:48:33 GMT+0800 (台北標準時間) 
2022-01-20 14:48:34 [32minfo[39m: CORS enabled for http://localhost:3000/, http://localhost:3001/, http://localhost:5000/ 
2022-01-20 14:48:34 [32minfo[39m: [13614] Worker started 
2022-01-20 14:48:34 [32minfo[39m: Handlebar helpers registration started 
2022-01-20 14:48:34 [33mwarn[39m: Code Injection is enabled. 
2022-01-20 14:48:34 [31merror[39m: Loading custom handlebar helpers from ./custom_handlebar.json failed. File not found. 
2022-01-20 14:48:34 [32minfo[39m: Handlebar helpers registration completed 
2022-01-20 14:48:34 [32minfo[39m: Worker sharing HTTP server at http://localhost:8080 ⛳ 
2022-01-20 14:48:34 [33mwarn[39m: [13614] Worker Stopped Thu Jan 20 2022 14:48:34 GMT+0800 (台北標準時間) 
2022-01-20 14:48:36 [32minfo[39m: CORS enabled for http://localhost:3000/, http://localhost:3001/, http://localhost:5000/ 
2022-01-20 14:48:36 [32minfo[39m: [13619] Worker started 
2022-01-20 14:48:36 [32minfo[39m: Handlebar helpers registration started 
2022-01-20 14:48:36 [33mwarn[39m: Code Injection is enabled. 
2022-01-20 14:48:36 [31merror[39m: Loading custom handlebar helpers from ./custom_handlebar.json failed. File not found. 
2022-01-20 14:48:36 [32minfo[39m: Handlebar helpers registration completed 
2022-01-20 14:48:36 [32minfo[39m: Worker sharing HTTP server at http://localhost:8080 ⛳ 
2022-01-20 14:48:40 [33mwarn[39m: [13619] Worker Stopped Thu Jan 20 2022 14:48:40 GMT+0800 (台北標準時間) 
2022-01-20 14:48:41 [32minfo[39m: CORS enabled for http://localhost:3000/, http://localhost:3001/, http://localhost:5000/ 
2022-01-20 14:48:41 [32minfo[39m: [13632] Worker started 
2022-01-20 14:48:41 [32minfo[39m: Handlebar helpers registration started 
2022-01-20 14:48:41 [33mwarn[39m: Code Injection is enabled. 
2022-01-20 14:48:41 [31merror[39m: Loading custom handlebar helpers from ./custom_handlebar.json failed. File not found. 
2022-01-20 14:48:41 [32minfo[39m: Handlebar helpers registration completed 
2022-01-20 14:48:41 [32minfo[39m: Worker sharing HTTP server at http://localhost:8080 ⛳ 
2022-01-20 14:48:55 [33mwarn[39m: [13632] Worker Stopped Thu Jan 20 2022 14:48:55 GMT+0800 (台北標準時間) 
2022-01-20 14:48:57 [32minfo[39m: CORS enabled for http://localhost:3000/, http://localhost:3001/, http://localhost:5000/ 
2022-01-20 14:48:57 [32minfo[39m: [13640] Worker started 
2022-01-20 14:48:57 [32minfo[39m: Handlebar helpers registration started 
2022-01-20 14:48:57 [33mwarn[39m: Code Injection is enabled. 
2022-01-20 14:48:57 [31merror[39m: Loading custom handlebar helpers from ./custom_handlebar.json failed. File not found. 
2022-01-20 14:48:57 [32minfo[39m: Handlebar helpers registration completed 
2022-01-20 14:48:57 [32minfo[39m: Worker sharing HTTP server at http://localhost:8080 ⛳ 
2022-01-20 14:49:07 [33mwarn[39m: [13640] Worker Stopped Thu Jan 20 2022 14:49:07 GMT+0800 (台北標準時間) 
2022-01-20 14:49:09 [32minfo[39m: CORS enabled for http://localhost:3000/, http://localhost:3001/, http://localhost:5000/ 
2022-01-20 14:49:09 [32minfo[39m: [13647] Worker started 
2022-01-20 14:49:09 [32minfo[39m: Handlebar helpers registration started 
2022-01-20 14:49:09 [33mwarn[39m: Code Injection is enabled. 
2022-01-20 14:49:09 [31merror[39m: Loading custom handlebar helpers from ./custom_handlebar.json failed. File not found. 
2022-01-20 14:49:09 [32minfo[39m: Handlebar helpers registration completed 
2022-01-20 14:49:09 [32minfo[39m: Worker sharing HTTP server at http://localhost:8080 ⛳ 
2022-01-20 14:49:38 [33mwarn[39m: [13647] Worker Stopped Thu Jan 20 2022 14:49:38 GMT+0800 (台北標準時間) 
2022-01-20 14:49:41 [32minfo[39m: CORS enabled for http://localhost:3000/, http://localhost:3001/, http://localhost:5000/ 
2022-01-20 14:49:41 [32minfo[39m: [13655] Worker started 
2022-01-20 14:49:41 [32minfo[39m: Handlebar helpers registration started 
2022-01-20 14:49:41 [33mwarn[39m: Code Injection is enabled. 
2022-01-20 14:49:41 [31merror[39m: Loading custom handlebar helpers from ./custom_handlebar.json failed. File not found. 
2022-01-20 14:49:41 [32minfo[39m: Handlebar helpers registration completed 
2022-01-20 14:49:41 [32minfo[39m: Worker sharing HTTP server at http://localhost:8080 ⛳ 
2022-01-20 14:49:45 [33mwarn[39m: [13655] Worker Stopped Thu Jan 20 2022 14:49:45 GMT+0800 (台北標準時間) 
2022-01-20 14:49:46 [32minfo[39m: CORS enabled for http://localhost:3000/, http://localhost:3001/, http://localhost:5000/ 
2022-01-20 14:49:46 [32minfo[39m: [13668] Worker started 
2022-01-20 14:49:46 [32minfo[39m: Handlebar helpers registration started 
2022-01-20 14:49:46 [33mwarn[39m: Code Injection is enabled. 
2022-01-20 14:49:46 [31merror[39m: Loading custom handlebar helpers from ./custom_handlebar.json failed. File not found. 
2022-01-20 14:49:46 [32minfo[39m: Handlebar helpers registration completed 
2022-01-20 14:49:46 [32minfo[39m: Worker sharing HTTP server at http://localhost:8080 ⛳ 
2022-01-20 14:49:52 [33mwarn[39m: [13668] Worker Stopped Thu Jan 20 2022 14:49:52 GMT+0800 (台北標準時間) 
2022-01-20 14:49:54 [32minfo[39m: CORS enabled for http://localhost:3000/, http://localhost:3001/, http://localhost:5000/ 
2022-01-20 14:49:54 [32minfo[39m: [13673] Worker started 
2022-01-20 14:49:54 [32minfo[39m: Handlebar helpers registration started 
2022-01-20 14:49:54 [33mwarn[39m: Code Injection is enabled. 
2022-01-20 14:49:54 [31merror[39m: Loading custom handlebar helpers from ./custom_handlebar.json failed. File not found. 
2022-01-20 14:49:54 [32minfo[39m: Handlebar helpers registration completed 
2022-01-20 14:49:54 [32minfo[39m: Worker sharing HTTP server at http://localhost:8080 ⛳ 
2022-01-20 14:49:58 [33mwarn[39m: [13673] Worker Stopped Thu Jan 20 2022 14:49:58 GMT+0800 (台北標準時間) 
2022-01-20 14:50:00 [32minfo[39m: CORS enabled for http://localhost:3000/, http://localhost:3001/, http://localhost:5000/ 
2022-01-20 14:50:00 [32minfo[39m: [13679] Worker started 
2022-01-20 14:50:00 [32minfo[39m: Handlebar helpers registration started 
2022-01-20 14:50:00 [33mwarn[39m: Code Injection is enabled. 
2022-01-20 14:50:00 [31merror[39m: Loading custom handlebar helpers from ./custom_handlebar.json failed. File not found. 
2022-01-20 14:50:00 [32minfo[39m: Handlebar helpers registration completed 
2022-01-20 14:50:00 [32minfo[39m: Worker sharing HTTP server at http://localhost:8080 ⛳ 
2022-01-20 14:50:11 [33mwarn[39m: [13679] Worker Stopped Thu Jan 20 2022 14:50:11 GMT+0800 (台北標準時間) 
2022-01-20 14:50:14 [32minfo[39m: CORS enabled for http://localhost:3000/, http://localhost:3001/, http://localhost:5000/ 
2022-01-20 14:50:14 [32minfo[39m: [13686] Worker started 
2022-01-20 14:50:14 [32minfo[39m: Handlebar helpers registration started 
2022-01-20 14:50:14 [33mwarn[39m: Code Injection is enabled. 
2022-01-20 14:50:14 [31merror[39m: Loading custom handlebar helpers from ./custom_handlebar.json failed. File not found. 
2022-01-20 14:50:14 [32minfo[39m: Handlebar helpers registration completed 
2022-01-20 14:50:14 [32minfo[39m: Worker sharing HTTP server at http://localhost:8080 ⛳ 
2022-01-20 14:50:17 [33mwarn[39m: [13686] Worker Stopped Thu Jan 20 2022 14:50:17 GMT+0800 (台北標準時間) 
2022-01-20 14:50:18 [32minfo[39m: CORS enabled for http://localhost:3000/, http://localhost:3001/, http://localhost:5000/ 
2022-01-20 14:50:18 [32minfo[39m: [13695] Worker started 
2022-01-20 14:50:18 [32minfo[39m: Handlebar helpers registration started 
2022-01-20 14:50:18 [33mwarn[39m: Code Injection is enabled. 
2022-01-20 14:50:18 [31merror[39m: Loading custom handlebar helpers from ./custom_handlebar.json failed. File not found. 
2022-01-20 14:50:18 [32minfo[39m: Handlebar helpers registration completed 
2022-01-20 14:50:18 [32minfo[39m: Worker sharing HTTP server at http://localhost:8080 ⛳ 
2022-01-20 14:51:19 [32minfo[39m: 3208095829 
2022-01-20 14:51:20 [31merror[39m: No suitable mock file found: /Users/maguangchen/Desktop/spike_camouflage/mocks/__/GET.mock 
2022-01-20 14:51:20 [33mwarn[39m: HTTP GET /favicon.ico :: Query Parameters: {} | Request Headers {"host":"localhost:8080","connection":"keep-alive","sec-ch-ua":"\" Not;A Brand\";v=\"99\", \"Google Chrome\";v=\"97\", \"Chromium\";v=\"97\"","sec-ch-ua-mobile":"?0","user-agent":"Mozilla/5.0 (Macintosh; Intel Mac OS X 10_15_7) AppleWebKit/537.36 (KHTML, like Gecko) Chrome/97.0.4692.71 Safari/537.36","sec-ch-ua-platform":"\"macOS\"","accept":"image/avif,image/webp,image/apng,image/svg+xml,image/*,*/*;q=0.8","sec-fetch-site":"same-origin","sec-fetch-mode":"no-cors","sec-fetch-dest":"image","referer":"http://localhost:8080/magic-number/get-user-photo?name=klw","accept-encoding":"gzip, deflate, br","accept-language":"en-US,en;q=0.9,zh;q=0.8,zh-TW;q=0.7,und;q=0.6","cookie":"sc=GHUUyl5aTgV0XBEb56qU8yFscqalyhlc"} | Request Body {} 
2022-01-20 14:52:08 [32minfo[39m: 5296813416 
2022-01-20 14:54:50 [33mwarn[39m: HTTP GET /hello-world/photo :: Query Parameters: {} | Request Headers {"host":"localhost:8080","connection":"keep-alive","sec-ch-ua":"\" Not;A Brand\";v=\"99\", \"Google Chrome\";v=\"97\", \"Chromium\";v=\"97\"","sec-ch-ua-mobile":"?0","sec-ch-ua-platform":"\"macOS\"","upgrade-insecure-requests":"1","user-agent":"Mozilla/5.0 (Macintosh; Intel Mac OS X 10_15_7) AppleWebKit/537.36 (KHTML, like Gecko) Chrome/97.0.4692.71 Safari/537.36","accept":"text/html,application/xhtml+xml,application/xml;q=0.9,image/avif,image/webp,image/apng,*/*;q=0.8,application/signed-exchange;v=b3;q=0.9","sec-fetch-site":"none","sec-fetch-mode":"navigate","sec-fetch-user":"?1","sec-fetch-dest":"document","accept-encoding":"gzip, deflate, br","accept-language":"en-US,en;q=0.9,zh;q=0.8,zh-TW;q=0.7,und;q=0.6","cookie":"sc=GHUUyl5aTgV0XBEb56qU8yFscqalyhlc"} | Request Body {} 
2022-01-20 14:55:35 [32minfo[39m: [13775] Master Started 
2022-01-20 14:55:35 [32minfo[39m: Cluster metrics server listening to 5555, metrics exposed on http://localhost:5555/metrics 
2022-01-20 14:55:36 [32minfo[39m: CORS enabled for http://localhost:3000/, http://localhost:3001/, http://localhost:5000/ 
2022-01-20 14:55:36 [32minfo[39m: [13782] Worker started 
2022-01-20 14:55:36 [32minfo[39m: Handlebar helpers registration started 
2022-01-20 14:55:36 [33mwarn[39m: Code Injection is enabled. 
2022-01-20 14:55:36 [31merror[39m: Loading custom handlebar helpers from ./custom_handlebar.json failed. File not found. 
2022-01-20 14:55:36 [32minfo[39m: Handlebar helpers registration completed 
2022-01-20 14:55:36 [32minfo[39m: Worker sharing HTTP server at http://localhost:8080 ⛳ 
2022-01-20 14:55:38 [33mwarn[39m: HTTP GET /hello-world/photo :: Query Parameters: {} | Request Headers {"host":"localhost:8080","connection":"keep-alive","cache-control":"max-age=0","sec-ch-ua":"\" Not;A Brand\";v=\"99\", \"Google Chrome\";v=\"97\", \"Chromium\";v=\"97\"","sec-ch-ua-mobile":"?0","sec-ch-ua-platform":"\"macOS\"","upgrade-insecure-requests":"1","user-agent":"Mozilla/5.0 (Macintosh; Intel Mac OS X 10_15_7) AppleWebKit/537.36 (KHTML, like Gecko) Chrome/97.0.4692.71 Safari/537.36","accept":"text/html,application/xhtml+xml,application/xml;q=0.9,image/avif,image/webp,image/apng,*/*;q=0.8,application/signed-exchange;v=b3;q=0.9","sec-fetch-site":"none","sec-fetch-mode":"navigate","sec-fetch-user":"?1","sec-fetch-dest":"document","accept-encoding":"gzip, deflate, br","accept-language":"en-US,en;q=0.9,zh;q=0.8,zh-TW;q=0.7,und;q=0.6","cookie":"sc=GHUUyl5aTgV0XBEb56qU8yFscqalyhlc"} | Request Body {} 
2022-01-20 14:57:14 [31merror[39m: No suitable mock file found: /Users/maguangchen/Desktop/spike_camouflage/mocks/__/GET.mock 
2022-01-20 14:57:14 [33mwarn[39m: HTTP GET /favicon.ico :: Query Parameters: {} | Request Headers {"host":"localhost:8080","connection":"keep-alive","pragma":"no-cache","cache-control":"no-cache","sec-ch-ua":"\" Not;A Brand\";v=\"99\", \"Google Chrome\";v=\"97\", \"Chromium\";v=\"97\"","sec-ch-ua-mobile":"?0","user-agent":"Mozilla/5.0 (Macintosh; Intel Mac OS X 10_15_7) AppleWebKit/537.36 (KHTML, like Gecko) Chrome/97.0.4692.71 Safari/537.36","sec-ch-ua-platform":"\"macOS\"","accept":"image/avif,image/webp,image/apng,image/svg+xml,image/*,*/*;q=0.8","sec-fetch-site":"same-origin","sec-fetch-mode":"no-cors","sec-fetch-dest":"image","referer":"http://localhost:8080/hello-world/photo","accept-encoding":"gzip, deflate, br","accept-language":"en-US,en;q=0.9,zh;q=0.8,zh-TW;q=0.7,und;q=0.6","cookie":"sc=GHUUyl5aTgV0XBEb56qU8yFscqalyhlc"} | Request Body {} 
2022-01-20 15:30:41 [33mwarn[39m: [13782] Worker Stopped Thu Jan 20 2022 15:30:41 GMT+0800 (台北標準時間) 
2022-01-20 15:30:45 [32minfo[39m: CORS enabled for http://localhost:3000/, http://localhost:3001/, http://localhost:5000/ 
2022-01-20 15:30:45 [32minfo[39m: [13972] Worker started 
2022-01-20 15:30:45 [32minfo[39m: Handlebar helpers registration started 
2022-01-20 15:30:45 [33mwarn[39m: Code Injection is enabled. 
2022-01-20 15:30:45 [31merror[39m: Loading custom handlebar helpers from ./custom_handlebar.json failed. File not found. 
2022-01-20 15:30:45 [32minfo[39m: Handlebar helpers registration completed 
2022-01-20 15:30:45 [32minfo[39m: Worker sharing HTTP server at http://localhost:8080 ⛳ 
2022-01-20 15:30:47 [33mwarn[39m: [13972] Worker Stopped Thu Jan 20 2022 15:30:47 GMT+0800 (台北標準時間) 
2022-01-20 15:30:48 [32minfo[39m: CORS enabled for http://localhost:3000/, http://localhost:3001/, http://localhost:5000/ 
2022-01-20 15:30:48 [32minfo[39m: [13983] Worker started 
2022-01-20 15:30:48 [32minfo[39m: Handlebar helpers registration started 
2022-01-20 15:30:48 [33mwarn[39m: Code Injection is enabled. 
2022-01-20 15:30:48 [31merror[39m: Loading custom handlebar helpers from ./custom_handlebar.json failed. File not found. 
2022-01-20 15:30:48 [32minfo[39m: Handlebar helpers registration completed 
2022-01-20 15:30:48 [32minfo[39m: Worker sharing HTTP server at http://localhost:8080 ⛳ 
2022-01-20 15:31:02 [33mwarn[39m: [13983] Worker Stopped Thu Jan 20 2022 15:31:02 GMT+0800 (台北標準時間) 
2022-01-20 15:31:03 [32minfo[39m: CORS enabled for http://localhost:3000/, http://localhost:3001/, http://localhost:5000/ 
2022-01-20 15:31:03 [32minfo[39m: [13995] Worker started 
2022-01-20 15:31:03 [32minfo[39m: Handlebar helpers registration started 
2022-01-20 15:31:03 [33mwarn[39m: Code Injection is enabled. 
2022-01-20 15:31:03 [31merror[39m: Loading custom handlebar helpers from ./custom_handlebar.json failed. File not found. 
2022-01-20 15:31:03 [32minfo[39m: Handlebar helpers registration completed 
2022-01-20 15:31:03 [32minfo[39m: Worker sharing HTTP server at http://localhost:8080 ⛳ 
2022-01-20 15:34:39 [32minfo[39m: [14106] Master Started 
2022-01-20 15:34:39 [32minfo[39m: Cluster metrics server listening to 5555, metrics exposed on http://localhost:5555/metrics 
2022-01-20 15:34:40 [32minfo[39m: CORS enabled for http://localhost:3000/, http://localhost:3001/, http://localhost:5000/ 
2022-01-20 15:34:40 [32minfo[39m: [14110] Worker started 
2022-01-20 15:34:40 [32minfo[39m: Handlebar helpers registration started 
2022-01-20 15:34:40 [33mwarn[39m: Code Injection is enabled. 
2022-01-20 15:34:40 [31merror[39m: Loading custom handlebar helpers from ./custom_handlebar.json failed. File not found. 
2022-01-20 15:34:40 [32minfo[39m: Handlebar helpers registration completed 
2022-01-20 15:34:40 [32minfo[39m: Worker sharing HTTP server at http://localhost:8080 ⛳ 
2022-01-20 15:34:45 [33mwarn[39m: [14110] Worker Stopped Thu Jan 20 2022 15:34:45 GMT+0800 (台北標準時間) 
2022-01-20 15:34:46 [32minfo[39m: CORS enabled for http://localhost:3000/, http://localhost:3001/, http://localhost:5000/ 
2022-01-20 15:34:46 [32minfo[39m: [14117] Worker started 
2022-01-20 15:34:46 [32minfo[39m: Handlebar helpers registration started 
2022-01-20 15:34:46 [33mwarn[39m: Code Injection is enabled. 
2022-01-20 15:34:46 [31merror[39m: Loading custom handlebar helpers from ./custom_handlebar.json failed. File not found. 
2022-01-20 15:34:46 [32minfo[39m: Handlebar helpers registration completed 
2022-01-20 15:34:46 [32minfo[39m: Worker sharing HTTP server at http://localhost:8080 ⛳ 
2022-01-20 15:34:49 [33mwarn[39m: [14117] Worker Stopped Thu Jan 20 2022 15:34:49 GMT+0800 (台北標準時間) 
2022-01-20 15:34:51 [32minfo[39m: CORS enabled for http://localhost:3000/, http://localhost:3001/, http://localhost:5000/ 
2022-01-20 15:34:51 [32minfo[39m: [14122] Worker started 
2022-01-20 15:34:51 [32minfo[39m: Handlebar helpers registration started 
2022-01-20 15:34:51 [33mwarn[39m: Code Injection is enabled. 
2022-01-20 15:34:51 [31merror[39m: Loading custom handlebar helpers from ./custom_handlebar.json failed. File not found. 
2022-01-20 15:34:51 [32minfo[39m: Handlebar helpers registration completed 
2022-01-20 15:34:51 [32minfo[39m: Worker sharing HTTP server at http://localhost:8080 ⛳ 
2022-01-20 15:35:03 [33mwarn[39m: [14122] Worker Stopped Thu Jan 20 2022 15:35:03 GMT+0800 (台北標準時間) 
2022-01-20 15:35:05 [32minfo[39m: CORS enabled for http://localhost:3000/, http://localhost:3001/, http://localhost:5000/ 
2022-01-20 15:35:05 [32minfo[39m: [14129] Worker started 
2022-01-20 15:35:05 [32minfo[39m: Handlebar helpers registration started 
2022-01-20 15:35:05 [33mwarn[39m: Code Injection is enabled. 
2022-01-20 15:35:05 [31merror[39m: Loading custom handlebar helpers from ./custom_handlebar.json failed. File not found. 
2022-01-20 15:35:05 [32minfo[39m: Handlebar helpers registration completed 
2022-01-20 15:35:05 [32minfo[39m: Worker sharing HTTP server at http://localhost:8080 ⛳ 
2022-01-20 15:35:20 [33mwarn[39m: [14129] Worker Stopped Thu Jan 20 2022 15:35:20 GMT+0800 (台北標準時間) 
2022-01-20 15:35:22 [32minfo[39m: CORS enabled for http://localhost:3000/, http://localhost:3001/, http://localhost:5000/ 
2022-01-20 15:35:22 [32minfo[39m: [14137] Worker started 
2022-01-20 15:35:22 [32minfo[39m: Handlebar helpers registration started 
2022-01-20 15:35:22 [33mwarn[39m: Code Injection is enabled. 
2022-01-20 15:35:22 [31merror[39m: Loading custom handlebar helpers from ./custom_handlebar.json failed. File not found. 
2022-01-20 15:35:22 [32minfo[39m: Handlebar helpers registration completed 
2022-01-20 15:35:22 [32minfo[39m: Worker sharing HTTP server at http://localhost:8080 ⛳ 
2022-01-20 15:35:23 [33mwarn[39m: [14137] Worker Stopped Thu Jan 20 2022 15:35:23 GMT+0800 (台北標準時間) 
2022-01-20 15:35:24 [32minfo[39m: CORS enabled for http://localhost:3000/, http://localhost:3001/, http://localhost:5000/ 
2022-01-20 15:35:24 [32minfo[39m: [14143] Worker started 
2022-01-20 15:35:24 [32minfo[39m: Handlebar helpers registration started 
2022-01-20 15:35:24 [33mwarn[39m: Code Injection is enabled. 
2022-01-20 15:35:24 [31merror[39m: Loading custom handlebar helpers from ./custom_handlebar.json failed. File not found. 
2022-01-20 15:35:24 [32minfo[39m: Handlebar helpers registration completed 
2022-01-20 15:35:24 [32minfo[39m: Worker sharing HTTP server at http://localhost:8080 ⛳ 
2022-01-20 15:35:28 [33mwarn[39m: [14143] Worker Stopped Thu Jan 20 2022 15:35:28 GMT+0800 (台北標準時間) 
2022-01-20 15:35:29 [32minfo[39m: CORS enabled for http://localhost:3000/, http://localhost:3001/, http://localhost:5000/ 
2022-01-20 15:35:29 [32minfo[39m: [14148] Worker started 
2022-01-20 15:35:29 [32minfo[39m: Handlebar helpers registration started 
2022-01-20 15:35:29 [33mwarn[39m: Code Injection is enabled. 
2022-01-20 15:35:29 [31merror[39m: Loading custom handlebar helpers from ./custom_handlebar.json failed. File not found. 
2022-01-20 15:35:29 [32minfo[39m: Handlebar helpers registration completed 
2022-01-20 15:35:29 [32minfo[39m: Worker sharing HTTP server at http://localhost:8080 ⛳ 
2022-01-20 15:35:55 [31merror[39m: No suitable mock file found: /Users/maguangchen/Desktop/spike_camouflage/mocks/hello-world/greeting/__/GET.mock 
2022-01-20 15:35:55 [33mwarn[39m: HTTP GET /hello-world/greeting/proxy/ssl :: Query Parameters: {} | Request Headers {"cookie":"sc=GHUUyl5aTgV0XBEb56qU8yFscqalyhlc","accept-language":"en-US,en;q=0.9,zh;q=0.8,zh-TW;q=0.7,und;q=0.6","accept-encoding":"gzip, deflate, br","sec-fetch-dest":"document","sec-fetch-user":"?1","sec-fetch-mode":"navigate","sec-fetch-site":"none","accept":"text/html,application/xhtml+xml,application/xml;q=0.9,image/avif,image/webp,image/apng,*/*;q=0.8,application/signed-exchange;v=b3;q=0.9","user-agent":"Mozilla/5.0 (Macintosh; Intel Mac OS X 10_15_7) AppleWebKit/537.36 (KHTML, like Gecko) Chrome/97.0.4692.71 Safari/537.36","upgrade-insecure-requests":"1","sec-ch-ua-platform":"\"macOS\"","sec-ch-ua-mobile":"?0","sec-ch-ua":"\" Not;A Brand\";v=\"99\", \"Google Chrome\";v=\"97\", \"Chromium\";v=\"97\"","cache-control":"max-age=0","connection":"close","host":"localhost:8080"} | Request Body {} 
2022-01-20 15:35:55 [33mwarn[39m: HTTP GET /proxy/ssl :: Query Parameters: {} | Request Headers {"host":"localhost:8080","connection":"keep-alive","cache-control":"max-age=0","sec-ch-ua":"\" Not;A Brand\";v=\"99\", \"Google Chrome\";v=\"97\", \"Chromium\";v=\"97\"","sec-ch-ua-mobile":"?0","sec-ch-ua-platform":"\"macOS\"","upgrade-insecure-requests":"1","user-agent":"Mozilla/5.0 (Macintosh; Intel Mac OS X 10_15_7) AppleWebKit/537.36 (KHTML, like Gecko) Chrome/97.0.4692.71 Safari/537.36","accept":"text/html,application/xhtml+xml,application/xml;q=0.9,image/avif,image/webp,image/apng,*/*;q=0.8,application/signed-exchange;v=b3;q=0.9","sec-fetch-site":"none","sec-fetch-mode":"navigate","sec-fetch-user":"?1","sec-fetch-dest":"document","accept-encoding":"gzip, deflate, br","accept-language":"en-US,en;q=0.9,zh;q=0.8,zh-TW;q=0.7,und;q=0.6","cookie":"sc=GHUUyl5aTgV0XBEb56qU8yFscqalyhlc"} | Request Body {} 
2022-01-20 15:36:37 [31merror[39m: No suitable mock file found: /Users/maguangchen/Desktop/spike_camouflage/mocks/hello-world/greeting/__/GET.mock 
2022-01-20 15:36:37 [33mwarn[39m: HTTP GET /hello-world/greeting/proxy/ssl :: Query Parameters: {} | Request Headers {"cookie":"sc=GHUUyl5aTgV0XBEb56qU8yFscqalyhlc","accept-language":"en-US,en;q=0.9,zh;q=0.8,zh-TW;q=0.7,und;q=0.6","accept-encoding":"gzip, deflate, br","sec-fetch-dest":"document","sec-fetch-user":"?1","sec-fetch-mode":"navigate","sec-fetch-site":"none","accept":"text/html,application/xhtml+xml,application/xml;q=0.9,image/avif,image/webp,image/apng,*/*;q=0.8,application/signed-exchange;v=b3;q=0.9","user-agent":"Mozilla/5.0 (Macintosh; Intel Mac OS X 10_15_7) AppleWebKit/537.36 (KHTML, like Gecko) Chrome/97.0.4692.71 Safari/537.36","upgrade-insecure-requests":"1","sec-ch-ua-platform":"\"macOS\"","sec-ch-ua-mobile":"?0","sec-ch-ua":"\" Not;A Brand\";v=\"99\", \"Google Chrome\";v=\"97\", \"Chromium\";v=\"97\"","cache-control":"no-cache","pragma":"no-cache","connection":"close","host":"localhost:8080"} | Request Body {} 
2022-01-20 15:36:37 [33mwarn[39m: HTTP GET /proxy/ssl :: Query Parameters: {} | Request Headers {"host":"localhost:8080","connection":"keep-alive","pragma":"no-cache","cache-control":"no-cache","sec-ch-ua":"\" Not;A Brand\";v=\"99\", \"Google Chrome\";v=\"97\", \"Chromium\";v=\"97\"","sec-ch-ua-mobile":"?0","sec-ch-ua-platform":"\"macOS\"","upgrade-insecure-requests":"1","user-agent":"Mozilla/5.0 (Macintosh; Intel Mac OS X 10_15_7) AppleWebKit/537.36 (KHTML, like Gecko) Chrome/97.0.4692.71 Safari/537.36","accept":"text/html,application/xhtml+xml,application/xml;q=0.9,image/avif,image/webp,image/apng,*/*;q=0.8,application/signed-exchange;v=b3;q=0.9","sec-fetch-site":"none","sec-fetch-mode":"navigate","sec-fetch-user":"?1","sec-fetch-dest":"document","accept-encoding":"gzip, deflate, br","accept-language":"en-US,en;q=0.9,zh;q=0.8,zh-TW;q=0.7,und;q=0.6","cookie":"sc=GHUUyl5aTgV0XBEb56qU8yFscqalyhlc"} | Request Body {} 
2022-01-20 15:36:37 [31merror[39m: No suitable mock file found: /Users/maguangchen/Desktop/spike_camouflage/mocks/__/GET.mock 
2022-01-20 15:36:37 [33mwarn[39m: HTTP GET /favicon.ico :: Query Parameters: {} | Request Headers {"host":"localhost:8080","connection":"keep-alive","pragma":"no-cache","cache-control":"no-cache","sec-ch-ua":"\" Not;A Brand\";v=\"99\", \"Google Chrome\";v=\"97\", \"Chromium\";v=\"97\"","sec-ch-ua-mobile":"?0","user-agent":"Mozilla/5.0 (Macintosh; Intel Mac OS X 10_15_7) AppleWebKit/537.36 (KHTML, like Gecko) Chrome/97.0.4692.71 Safari/537.36","sec-ch-ua-platform":"\"macOS\"","accept":"image/avif,image/webp,image/apng,image/svg+xml,image/*,*/*;q=0.8","sec-fetch-site":"same-origin","sec-fetch-mode":"no-cors","sec-fetch-dest":"image","referer":"http://localhost:8080/proxy/ssl","accept-encoding":"gzip, deflate, br","accept-language":"en-US,en;q=0.9,zh;q=0.8,zh-TW;q=0.7,und;q=0.6","cookie":"sc=GHUUyl5aTgV0XBEb56qU8yFscqalyhlc"} | Request Body {} 
2022-01-20 15:37:08 [33mwarn[39m: [14148] Worker Stopped Thu Jan 20 2022 15:37:08 GMT+0800 (台北標準時間) 
2022-01-20 15:37:11 [32minfo[39m: CORS enabled for http://localhost:3000/, http://localhost:3001/, http://localhost:5000/ 
2022-01-20 15:37:11 [32minfo[39m: [14170] Worker started 
2022-01-20 15:37:11 [32minfo[39m: Handlebar helpers registration started 
2022-01-20 15:37:11 [33mwarn[39m: Code Injection is enabled. 
2022-01-20 15:37:11 [31merror[39m: Loading custom handlebar helpers from ./custom_handlebar.json failed. File not found. 
2022-01-20 15:37:11 [32minfo[39m: Handlebar helpers registration completed 
2022-01-20 15:37:11 [32minfo[39m: Worker sharing HTTP server at http://localhost:8080 ⛳ 
2022-01-20 15:37:21 [32minfo[39m: [14179] Master Started 
2022-01-20 15:37:21 [32minfo[39m: Cluster metrics server listening to 5555, metrics exposed on http://localhost:5555/metrics 
2022-01-20 15:37:22 [32minfo[39m: CORS enabled for http://localhost:3000/, http://localhost:3001/, http://localhost:5000/ 
2022-01-20 15:37:22 [32minfo[39m: [14183] Worker started 
2022-01-20 15:37:22 [32minfo[39m: Handlebar helpers registration started 
2022-01-20 15:37:22 [33mwarn[39m: Code Injection is enabled. 
2022-01-20 15:37:22 [31merror[39m: Loading custom handlebar helpers from ./custom_handlebar.json failed. File not found. 
2022-01-20 15:37:22 [32minfo[39m: Handlebar helpers registration completed 
2022-01-20 15:37:22 [32minfo[39m: Worker sharing HTTP server at http://localhost:8080 ⛳ 
2022-01-20 15:37:26 [31merror[39m: No suitable mock file found: /Users/maguangchen/Desktop/spike_camouflage/mocks/hello-world/greeting/__/GET.mock 
2022-01-20 15:37:26 [33mwarn[39m: HTTP GET /hello-world/greeting/proxy/ssl :: Query Parameters: {} | Request Headers {"cookie":"sc=GHUUyl5aTgV0XBEb56qU8yFscqalyhlc","accept-language":"en-US,en;q=0.9,zh;q=0.8,zh-TW;q=0.7,und;q=0.6","accept-encoding":"gzip, deflate, br","sec-fetch-dest":"document","sec-fetch-user":"?1","sec-fetch-mode":"navigate","sec-fetch-site":"none","accept":"text/html,application/xhtml+xml,application/xml;q=0.9,image/avif,image/webp,image/apng,*/*;q=0.8,application/signed-exchange;v=b3;q=0.9","user-agent":"Mozilla/5.0 (Macintosh; Intel Mac OS X 10_15_7) AppleWebKit/537.36 (KHTML, like Gecko) Chrome/97.0.4692.71 Safari/537.36","upgrade-insecure-requests":"1","sec-ch-ua-platform":"\"macOS\"","sec-ch-ua-mobile":"?0","sec-ch-ua":"\" Not;A Brand\";v=\"99\", \"Google Chrome\";v=\"97\", \"Chromium\";v=\"97\"","cache-control":"max-age=0","connection":"close","host":"localhost:8080"} | Request Body {} 
2022-01-20 15:37:26 [33mwarn[39m: HTTP GET /proxy/ssl :: Query Parameters: {} | Request Headers {"host":"localhost:8080","connection":"keep-alive","cache-control":"max-age=0","sec-ch-ua":"\" Not;A Brand\";v=\"99\", \"Google Chrome\";v=\"97\", \"Chromium\";v=\"97\"","sec-ch-ua-mobile":"?0","sec-ch-ua-platform":"\"macOS\"","upgrade-insecure-requests":"1","user-agent":"Mozilla/5.0 (Macintosh; Intel Mac OS X 10_15_7) AppleWebKit/537.36 (KHTML, like Gecko) Chrome/97.0.4692.71 Safari/537.36","accept":"text/html,application/xhtml+xml,application/xml;q=0.9,image/avif,image/webp,image/apng,*/*;q=0.8,application/signed-exchange;v=b3;q=0.9","sec-fetch-site":"none","sec-fetch-mode":"navigate","sec-fetch-user":"?1","sec-fetch-dest":"document","accept-encoding":"gzip, deflate, br","accept-language":"en-US,en;q=0.9,zh;q=0.8,zh-TW;q=0.7,und;q=0.6","cookie":"sc=GHUUyl5aTgV0XBEb56qU8yFscqalyhlc"} | Request Body {} 
2022-01-20 15:46:42 [31merror[39m: No suitable mock file found: /Users/maguangchen/Desktop/spike_camouflage/mocks/hello-world/greeting/__/GET.mock 
2022-01-20 15:46:42 [33mwarn[39m: HTTP GET /hello-world/greeting/proxy/ssl :: Query Parameters: {} | Request Headers {"cookie":"sc=GHUUyl5aTgV0XBEb56qU8yFscqalyhlc","accept-language":"en-US,en;q=0.9,zh;q=0.8,zh-TW;q=0.7,und;q=0.6","accept-encoding":"gzip, deflate, br","sec-fetch-dest":"document","sec-fetch-user":"?1","sec-fetch-mode":"navigate","sec-fetch-site":"none","accept":"text/html,application/xhtml+xml,application/xml;q=0.9,image/avif,image/webp,image/apng,*/*;q=0.8,application/signed-exchange;v=b3;q=0.9","user-agent":"Mozilla/5.0 (Macintosh; Intel Mac OS X 10_15_7) AppleWebKit/537.36 (KHTML, like Gecko) Chrome/97.0.4692.71 Safari/537.36","upgrade-insecure-requests":"1","sec-ch-ua-platform":"\"macOS\"","sec-ch-ua-mobile":"?0","sec-ch-ua":"\" Not;A Brand\";v=\"99\", \"Google Chrome\";v=\"97\", \"Chromium\";v=\"97\"","cache-control":"no-cache","pragma":"no-cache","connection":"close","host":"localhost:8080"} | Request Body {} 
2022-01-20 15:46:42 [33mwarn[39m: HTTP GET /proxy/ssl :: Query Parameters: {} | Request Headers {"host":"localhost:8080","connection":"keep-alive","pragma":"no-cache","cache-control":"no-cache","sec-ch-ua":"\" Not;A Brand\";v=\"99\", \"Google Chrome\";v=\"97\", \"Chromium\";v=\"97\"","sec-ch-ua-mobile":"?0","sec-ch-ua-platform":"\"macOS\"","upgrade-insecure-requests":"1","user-agent":"Mozilla/5.0 (Macintosh; Intel Mac OS X 10_15_7) AppleWebKit/537.36 (KHTML, like Gecko) Chrome/97.0.4692.71 Safari/537.36","accept":"text/html,application/xhtml+xml,application/xml;q=0.9,image/avif,image/webp,image/apng,*/*;q=0.8,application/signed-exchange;v=b3;q=0.9","sec-fetch-site":"none","sec-fetch-mode":"navigate","sec-fetch-user":"?1","sec-fetch-dest":"document","accept-encoding":"gzip, deflate, br","accept-language":"en-US,en;q=0.9,zh;q=0.8,zh-TW;q=0.7,und;q=0.6","cookie":"sc=GHUUyl5aTgV0XBEb56qU8yFscqalyhlc"} | Request Body {} 
2022-01-20 15:46:43 [31merror[39m: No suitable mock file found: /Users/maguangchen/Desktop/spike_camouflage/mocks/__/GET.mock 
2022-01-20 15:46:43 [33mwarn[39m: HTTP GET /favicon.ico :: Query Parameters: {} | Request Headers {"host":"localhost:8080","connection":"keep-alive","pragma":"no-cache","cache-control":"no-cache","sec-ch-ua":"\" Not;A Brand\";v=\"99\", \"Google Chrome\";v=\"97\", \"Chromium\";v=\"97\"","sec-ch-ua-mobile":"?0","user-agent":"Mozilla/5.0 (Macintosh; Intel Mac OS X 10_15_7) AppleWebKit/537.36 (KHTML, like Gecko) Chrome/97.0.4692.71 Safari/537.36","sec-ch-ua-platform":"\"macOS\"","accept":"image/avif,image/webp,image/apng,image/svg+xml,image/*,*/*;q=0.8","sec-fetch-site":"same-origin","sec-fetch-mode":"no-cors","sec-fetch-dest":"image","referer":"http://localhost:8080/proxy/ssl","accept-encoding":"gzip, deflate, br","accept-language":"en-US,en;q=0.9,zh;q=0.8,zh-TW;q=0.7,und;q=0.6","cookie":"sc=GHUUyl5aTgV0XBEb56qU8yFscqalyhlc"} | Request Body {} 
2022-01-20 15:47:59 [33mwarn[39m: [14183] Worker Stopped Thu Jan 20 2022 15:47:59 GMT+0800 (台北標準時間) 
2022-01-20 15:48:02 [32minfo[39m: CORS enabled for http://localhost:3000/, http://localhost:3001/, http://localhost:5000/ 
2022-01-20 15:48:02 [32minfo[39m: [14247] Worker started 
2022-01-20 15:48:02 [32minfo[39m: Handlebar helpers registration started 
2022-01-20 15:48:02 [33mwarn[39m: Code Injection is enabled. 
2022-01-20 15:48:02 [31merror[39m: Loading custom handlebar helpers from ./custom_handlebar.json failed. File not found. 
2022-01-20 15:48:02 [32minfo[39m: Handlebar helpers registration completed 
2022-01-20 15:48:02 [32minfo[39m: Worker sharing HTTP server at http://localhost:8080 ⛳ 
2022-01-20 15:48:15 [33mwarn[39m: [14247] Worker Stopped Thu Jan 20 2022 15:48:15 GMT+0800 (台北標準時間) 
2022-01-20 15:48:16 [32minfo[39m: CORS enabled for http://localhost:3000/, http://localhost:3001/, http://localhost:5000/ 
2022-01-20 15:48:16 [32minfo[39m: [14255] Worker started 
2022-01-20 15:48:16 [32minfo[39m: Handlebar helpers registration started 
2022-01-20 15:48:16 [33mwarn[39m: Code Injection is enabled. 
2022-01-20 15:48:16 [31merror[39m: Loading custom handlebar helpers from ./custom_handlebar.json failed. File not found. 
2022-01-20 15:48:16 [32minfo[39m: Handlebar helpers registration completed 
2022-01-20 15:48:16 [32minfo[39m: Worker sharing HTTP server at http://localhost:8080 ⛳ 
2022-01-20 15:48:53 [33mwarn[39m: [14255] Worker Stopped Thu Jan 20 2022 15:48:53 GMT+0800 (台北標準時間) 
2022-01-20 15:48:56 [32minfo[39m: CORS enabled for http://localhost:3000/, http://localhost:3001/, http://localhost:5000/ 
2022-01-20 15:48:56 [32minfo[39m: [14269] Worker started 
2022-01-20 15:48:56 [32minfo[39m: Handlebar helpers registration started 
2022-01-20 15:48:56 [33mwarn[39m: Code Injection is enabled. 
2022-01-20 15:48:56 [31merror[39m: Loading custom handlebar helpers from ./custom_handlebar.json failed. File not found. 
2022-01-20 15:48:56 [32minfo[39m: Handlebar helpers registration completed 
2022-01-20 15:48:56 [32minfo[39m: Worker sharing HTTP server at http://localhost:8080 ⛳ 
2022-01-20 15:49:17 [33mwarn[39m: [14269] Worker Stopped Thu Jan 20 2022 15:49:17 GMT+0800 (台北標準時間) 
2022-01-20 15:49:20 [32minfo[39m: CORS enabled for http://localhost:3000/, http://localhost:3001/, http://localhost:5000/ 
2022-01-20 15:49:20 [32minfo[39m: [14277] Worker started 
2022-01-20 15:49:20 [32minfo[39m: Handlebar helpers registration started 
2022-01-20 15:49:20 [33mwarn[39m: Code Injection is enabled. 
2022-01-20 15:49:20 [31merror[39m: Loading custom handlebar helpers from ./custom_handlebar.json failed. File not found. 
2022-01-20 15:49:20 [32minfo[39m: Handlebar helpers registration completed 
2022-01-20 15:49:20 [32minfo[39m: Worker sharing HTTP server at http://localhost:8080 ⛳ 
2022-01-20 15:49:35 [33mwarn[39m: [14277] Worker Stopped Thu Jan 20 2022 15:49:35 GMT+0800 (台北標準時間) 
2022-01-20 15:49:37 [32minfo[39m: CORS enabled for http://localhost:3000/, http://localhost:3001/, http://localhost:5000/ 
2022-01-20 15:49:37 [32minfo[39m: [14285] Worker started 
2022-01-20 15:49:37 [32minfo[39m: Handlebar helpers registration started 
2022-01-20 15:49:37 [33mwarn[39m: Code Injection is enabled. 
2022-01-20 15:49:37 [31merror[39m: Loading custom handlebar helpers from ./custom_handlebar.json failed. File not found. 
2022-01-20 15:49:37 [32minfo[39m: Handlebar helpers registration completed 
2022-01-20 15:49:37 [32minfo[39m: Worker sharing HTTP server at http://localhost:8080 ⛳ 
2022-01-20 15:49:40 [31merror[39m: No suitable mock file found: /Users/maguangchen/Desktop/spike_camouflage/mocks/hello-world/greeting/__/GET.mock 
2022-01-20 15:50:42 [31merror[39m: No suitable mock file found: /Users/maguangchen/Desktop/spike_camouflage/mocks/proxy/example/__/GET.mock 
2022-01-20 15:50:42 [33mwarn[39m: HTTP GET /proxy/example/proxy/ssl :: Query Parameters: {} | Request Headers {"cookie":"sc=GHUUyl5aTgV0XBEb56qU8yFscqalyhlc","accept-language":"en-US,en;q=0.9,zh;q=0.8,zh-TW;q=0.7,und;q=0.6","accept-encoding":"gzip, deflate, br","sec-fetch-dest":"document","sec-fetch-user":"?1","sec-fetch-mode":"navigate","sec-fetch-site":"none","accept":"text/html,application/xhtml+xml,application/xml;q=0.9,image/avif,image/webp,image/apng,*/*;q=0.8,application/signed-exchange;v=b3;q=0.9","user-agent":"Mozilla/5.0 (Macintosh; Intel Mac OS X 10_15_7) AppleWebKit/537.36 (KHTML, like Gecko) Chrome/97.0.4692.71 Safari/537.36","upgrade-insecure-requests":"1","sec-ch-ua-platform":"\"macOS\"","sec-ch-ua-mobile":"?0","sec-ch-ua":"\" Not;A Brand\";v=\"99\", \"Google Chrome\";v=\"97\", \"Chromium\";v=\"97\"","cache-control":"no-cache","pragma":"no-cache","connection":"close","host":"localhost:8080"} | Request Body {} 
2022-01-20 15:50:42 [33mwarn[39m: HTTP GET /proxy/ssl :: Query Parameters: {} | Request Headers {"host":"localhost:8080","connection":"keep-alive","pragma":"no-cache","cache-control":"no-cache","sec-ch-ua":"\" Not;A Brand\";v=\"99\", \"Google Chrome\";v=\"97\", \"Chromium\";v=\"97\"","sec-ch-ua-mobile":"?0","sec-ch-ua-platform":"\"macOS\"","upgrade-insecure-requests":"1","user-agent":"Mozilla/5.0 (Macintosh; Intel Mac OS X 10_15_7) AppleWebKit/537.36 (KHTML, like Gecko) Chrome/97.0.4692.71 Safari/537.36","accept":"text/html,application/xhtml+xml,application/xml;q=0.9,image/avif,image/webp,image/apng,*/*;q=0.8,application/signed-exchange;v=b3;q=0.9","sec-fetch-site":"none","sec-fetch-mode":"navigate","sec-fetch-user":"?1","sec-fetch-dest":"document","accept-encoding":"gzip, deflate, br","accept-language":"en-US,en;q=0.9,zh;q=0.8,zh-TW;q=0.7,und;q=0.6","cookie":"sc=GHUUyl5aTgV0XBEb56qU8yFscqalyhlc"} | Request Body {} 
2022-01-20 15:50:42 [31merror[39m: No suitable mock file found: /Users/maguangchen/Desktop/spike_camouflage/mocks/__/GET.mock 
2022-01-20 15:50:42 [33mwarn[39m: HTTP GET /favicon.ico :: Query Parameters: {} | Request Headers {"host":"localhost:8080","connection":"keep-alive","pragma":"no-cache","cache-control":"no-cache","sec-ch-ua":"\" Not;A Brand\";v=\"99\", \"Google Chrome\";v=\"97\", \"Chromium\";v=\"97\"","sec-ch-ua-mobile":"?0","user-agent":"Mozilla/5.0 (Macintosh; Intel Mac OS X 10_15_7) AppleWebKit/537.36 (KHTML, like Gecko) Chrome/97.0.4692.71 Safari/537.36","sec-ch-ua-platform":"\"macOS\"","accept":"image/avif,image/webp,image/apng,image/svg+xml,image/*,*/*;q=0.8","sec-fetch-site":"same-origin","sec-fetch-mode":"no-cors","sec-fetch-dest":"image","referer":"http://localhost:8080/proxy/ssl","accept-encoding":"gzip, deflate, br","accept-language":"en-US,en;q=0.9,zh;q=0.8,zh-TW;q=0.7,und;q=0.6","cookie":"sc=GHUUyl5aTgV0XBEb56qU8yFscqalyhlc"} | Request Body {} 
2022-01-20 15:50:55 [31merror[39m: No suitable mock file found: /Users/maguangchen/Desktop/spike_camouflage/mocks/hello-world/greeting/__/GET.mock 
2022-01-20 15:50:55 [33mwarn[39m: HTTP GET /hello-world/greeting/proxy/ssl :: Query Parameters: {} | Request Headers {"cookie":"sc=GHUUyl5aTgV0XBEb56qU8yFscqalyhlc","accept-language":"en-US,en;q=0.9,zh;q=0.8,zh-TW;q=0.7,und;q=0.6","accept-encoding":"gzip, deflate, br","sec-fetch-dest":"document","sec-fetch-user":"?1","sec-fetch-mode":"navigate","sec-fetch-site":"none","accept":"text/html,application/xhtml+xml,application/xml;q=0.9,image/avif,image/webp,image/apng,*/*;q=0.8,application/signed-exchange;v=b3;q=0.9","user-agent":"Mozilla/5.0 (Macintosh; Intel Mac OS X 10_15_7) AppleWebKit/537.36 (KHTML, like Gecko) Chrome/97.0.4692.71 Safari/537.36","upgrade-insecure-requests":"1","sec-ch-ua-platform":"\"macOS\"","sec-ch-ua-mobile":"?0","sec-ch-ua":"\" Not;A Brand\";v=\"99\", \"Google Chrome\";v=\"97\", \"Chromium\";v=\"97\"","cache-control":"no-cache","pragma":"no-cache","connection":"close","host":"localhost:8080"} | Request Body {} 
2022-01-20 15:50:55 [33mwarn[39m: HTTP GET /proxy/ssl :: Query Parameters: {} | Request Headers {"host":"localhost:8080","connection":"keep-alive","pragma":"no-cache","cache-control":"no-cache","sec-ch-ua":"\" Not;A Brand\";v=\"99\", \"Google Chrome\";v=\"97\", \"Chromium\";v=\"97\"","sec-ch-ua-mobile":"?0","sec-ch-ua-platform":"\"macOS\"","upgrade-insecure-requests":"1","user-agent":"Mozilla/5.0 (Macintosh; Intel Mac OS X 10_15_7) AppleWebKit/537.36 (KHTML, like Gecko) Chrome/97.0.4692.71 Safari/537.36","accept":"text/html,application/xhtml+xml,application/xml;q=0.9,image/avif,image/webp,image/apng,*/*;q=0.8,application/signed-exchange;v=b3;q=0.9","sec-fetch-site":"none","sec-fetch-mode":"navigate","sec-fetch-user":"?1","sec-fetch-dest":"document","accept-encoding":"gzip, deflate, br","accept-language":"en-US,en;q=0.9,zh;q=0.8,zh-TW;q=0.7,und;q=0.6","cookie":"sc=GHUUyl5aTgV0XBEb56qU8yFscqalyhlc"} | Request Body {} 
2022-01-20 15:50:55 [31merror[39m: No suitable mock file found: /Users/maguangchen/Desktop/spike_camouflage/mocks/__/GET.mock 
2022-01-20 15:50:55 [33mwarn[39m: HTTP GET /favicon.ico :: Query Parameters: {} | Request Headers {"host":"localhost:8080","connection":"keep-alive","pragma":"no-cache","cache-control":"no-cache","sec-ch-ua":"\" Not;A Brand\";v=\"99\", \"Google Chrome\";v=\"97\", \"Chromium\";v=\"97\"","sec-ch-ua-mobile":"?0","user-agent":"Mozilla/5.0 (Macintosh; Intel Mac OS X 10_15_7) AppleWebKit/537.36 (KHTML, like Gecko) Chrome/97.0.4692.71 Safari/537.36","sec-ch-ua-platform":"\"macOS\"","accept":"image/avif,image/webp,image/apng,image/svg+xml,image/*,*/*;q=0.8","sec-fetch-site":"same-origin","sec-fetch-mode":"no-cors","sec-fetch-dest":"image","referer":"http://localhost:8080/proxy/ssl","accept-encoding":"gzip, deflate, br","accept-language":"en-US,en;q=0.9,zh;q=0.8,zh-TW;q=0.7,und;q=0.6","cookie":"sc=GHUUyl5aTgV0XBEb56qU8yFscqalyhlc"} | Request Body {} 
2022-01-20 15:50:58 [31merror[39m: No suitable mock file found: /Users/maguangchen/Desktop/spike_camouflage/mocks/hello-world/greeting/__/GET.mock 
2022-01-20 15:50:58 [33mwarn[39m: HTTP GET /hello-world/greeting/proxy/ssl :: Query Parameters: {} | Request Headers {"cookie":"sc=GHUUyl5aTgV0XBEb56qU8yFscqalyhlc","accept-language":"en-US,en;q=0.9,zh;q=0.8,zh-TW;q=0.7,und;q=0.6","accept-encoding":"gzip, deflate, br","sec-fetch-dest":"document","sec-fetch-user":"?1","sec-fetch-mode":"navigate","sec-fetch-site":"none","accept":"text/html,application/xhtml+xml,application/xml;q=0.9,image/avif,image/webp,image/apng,*/*;q=0.8,application/signed-exchange;v=b3;q=0.9","user-agent":"Mozilla/5.0 (Macintosh; Intel Mac OS X 10_15_7) AppleWebKit/537.36 (KHTML, like Gecko) Chrome/97.0.4692.71 Safari/537.36","upgrade-insecure-requests":"1","sec-ch-ua-platform":"\"macOS\"","sec-ch-ua-mobile":"?0","sec-ch-ua":"\" Not;A Brand\";v=\"99\", \"Google Chrome\";v=\"97\", \"Chromium\";v=\"97\"","cache-control":"no-cache","pragma":"no-cache","connection":"close","host":"localhost:8080"} | Request Body {} 
2022-01-20 15:50:58 [33mwarn[39m: HTTP GET /proxy/ssl :: Query Parameters: {} | Request Headers {"host":"localhost:8080","connection":"keep-alive","pragma":"no-cache","cache-control":"no-cache","sec-ch-ua":"\" Not;A Brand\";v=\"99\", \"Google Chrome\";v=\"97\", \"Chromium\";v=\"97\"","sec-ch-ua-mobile":"?0","sec-ch-ua-platform":"\"macOS\"","upgrade-insecure-requests":"1","user-agent":"Mozilla/5.0 (Macintosh; Intel Mac OS X 10_15_7) AppleWebKit/537.36 (KHTML, like Gecko) Chrome/97.0.4692.71 Safari/537.36","accept":"text/html,application/xhtml+xml,application/xml;q=0.9,image/avif,image/webp,image/apng,*/*;q=0.8,application/signed-exchange;v=b3;q=0.9","sec-fetch-site":"none","sec-fetch-mode":"navigate","sec-fetch-user":"?1","sec-fetch-dest":"document","accept-encoding":"gzip, deflate, br","accept-language":"en-US,en;q=0.9,zh;q=0.8,zh-TW;q=0.7,und;q=0.6","cookie":"sc=GHUUyl5aTgV0XBEb56qU8yFscqalyhlc"} | Request Body {} 
2022-01-20 15:50:58 [31merror[39m: No suitable mock file found: /Users/maguangchen/Desktop/spike_camouflage/mocks/__/GET.mock 
2022-01-20 15:50:58 [33mwarn[39m: HTTP GET /favicon.ico :: Query Parameters: {} | Request Headers {"host":"localhost:8080","connection":"keep-alive","pragma":"no-cache","cache-control":"no-cache","sec-ch-ua":"\" Not;A Brand\";v=\"99\", \"Google Chrome\";v=\"97\", \"Chromium\";v=\"97\"","sec-ch-ua-mobile":"?0","user-agent":"Mozilla/5.0 (Macintosh; Intel Mac OS X 10_15_7) AppleWebKit/537.36 (KHTML, like Gecko) Chrome/97.0.4692.71 Safari/537.36","sec-ch-ua-platform":"\"macOS\"","accept":"image/avif,image/webp,image/apng,image/svg+xml,image/*,*/*;q=0.8","sec-fetch-site":"same-origin","sec-fetch-mode":"no-cors","sec-fetch-dest":"image","referer":"http://localhost:8080/proxy/ssl","accept-encoding":"gzip, deflate, br","accept-language":"en-US,en;q=0.9,zh;q=0.8,zh-TW;q=0.7,und;q=0.6","cookie":"sc=GHUUyl5aTgV0XBEb56qU8yFscqalyhlc"} | Request Body {} 
2022-01-20 15:51:21 [31merror[39m: No suitable mock file found: /Users/maguangchen/Desktop/spike_camouflage/mocks/hello-world/greeting/__/GET.mock 
2022-01-20 15:51:52 [31merror[39m: No suitable mock file found: /Users/maguangchen/Desktop/spike_camouflage/mocks/proxy/example/__/GET.mock 
2022-01-20 15:52:09 [33mwarn[39m: [14285] Worker Stopped Thu Jan 20 2022 15:52:09 GMT+0800 (台北標準時間) 
2022-01-20 15:52:11 [32minfo[39m: CORS enabled for http://localhost:3000/, http://localhost:3001/, http://localhost:5000/ 
2022-01-20 15:52:11 [32minfo[39m: [14335] Worker started 
2022-01-20 15:52:11 [32minfo[39m: Handlebar helpers registration started 
2022-01-20 15:52:11 [33mwarn[39m: Code Injection is enabled. 
2022-01-20 15:52:11 [31merror[39m: Loading custom handlebar helpers from ./custom_handlebar.json failed. File not found. 
2022-01-20 15:52:11 [32minfo[39m: Handlebar helpers registration completed 
2022-01-20 15:52:11 [32minfo[39m: Worker sharing HTTP server at http://localhost:8080 ⛳ 
2022-01-20 15:52:18 [31merror[39m: No suitable mock file found: /Users/maguangchen/Desktop/spike_camouflage/mocks/__/__/GET.mock 
2022-01-20 15:52:21 [31merror[39m: No suitable mock file found: /Users/maguangchen/Desktop/spike_camouflage/mocks/__/__/GET.mock 
2022-01-20 15:52:36 [32minfo[39m: [14352] Master Started 
2022-01-20 15:52:36 [32minfo[39m: Cluster metrics server listening to 5555, metrics exposed on http://localhost:5555/metrics 
2022-01-20 15:52:37 [32minfo[39m: CORS enabled for http://localhost:3000/, http://localhost:3001/, http://localhost:5000/ 
2022-01-20 15:52:37 [32minfo[39m: [14356] Worker started 
2022-01-20 15:52:37 [32minfo[39m: Handlebar helpers registration started 
2022-01-20 15:52:37 [33mwarn[39m: Code Injection is enabled. 
2022-01-20 15:52:37 [31merror[39m: Loading custom handlebar helpers from ./custom_handlebar.json failed. File not found. 
2022-01-20 15:52:37 [32minfo[39m: Handlebar helpers registration completed 
2022-01-20 15:52:37 [32minfo[39m: Worker sharing HTTP server at http://localhost:8080 ⛳ 
2022-01-20 15:52:38 [31merror[39m: No suitable mock file found: /Users/maguangchen/Desktop/spike_camouflage/mocks/__/__/GET.mock 
2022-01-20 15:53:22 [33mwarn[39m: HTTP GET /proxy/ssl :: Query Parameters: {} | Request Headers {"host":"localhost:8080","connection":"keep-alive","cache-control":"max-age=0","sec-ch-ua":"\" Not;A Brand\";v=\"99\", \"Google Chrome\";v=\"97\", \"Chromium\";v=\"97\"","sec-ch-ua-mobile":"?0","sec-ch-ua-platform":"\"macOS\"","upgrade-insecure-requests":"1","user-agent":"Mozilla/5.0 (Macintosh; Intel Mac OS X 10_15_7) AppleWebKit/537.36 (KHTML, like Gecko) Chrome/97.0.4692.71 Safari/537.36","accept":"text/html,application/xhtml+xml,application/xml;q=0.9,image/avif,image/webp,image/apng,*/*;q=0.8,application/signed-exchange;v=b3;q=0.9","sec-fetch-site":"none","sec-fetch-mode":"navigate","sec-fetch-user":"?1","sec-fetch-dest":"document","accept-encoding":"gzip, deflate, br","accept-language":"en-US,en;q=0.9,zh;q=0.8,zh-TW;q=0.7,und;q=0.6","cookie":"sc=GHUUyl5aTgV0XBEb56qU8yFscqalyhlc","if-none-match":"W/\"6a-eudqO0Sgz3IOs0cXqBLDF5YHCpo\""} | Request Body {} 
2022-01-20 15:54:32 [33mwarn[39m: Unexpected number in JSON at position 39 
2022-01-20 15:54:33 [33mwarn[39m: [14356] Worker Stopped Thu Jan 20 2022 15:54:33 GMT+0800 (台北標準時間) 
2022-01-20 15:54:36 [32minfo[39m: CORS enabled for http://localhost:3000/, http://localhost:3001/, http://localhost:5000/ 
2022-01-20 15:54:36 [32minfo[39m: [14391] Worker started 
2022-01-20 15:54:36 [32minfo[39m: Handlebar helpers registration started 
2022-01-20 15:54:36 [33mwarn[39m: Code Injection is enabled. 
2022-01-20 15:54:36 [31merror[39m: Loading custom handlebar helpers from ./custom_handlebar.json failed. File not found. 
2022-01-20 15:54:36 [32minfo[39m: Handlebar helpers registration completed 
2022-01-20 15:54:36 [32minfo[39m: Worker sharing HTTP server at http://localhost:8080 ⛳ 
2022-01-20 15:54:39 [33mwarn[39m: [14391] Worker Stopped Thu Jan 20 2022 15:54:39 GMT+0800 (台北標準時間) 
2022-01-20 15:54:40 [32minfo[39m: CORS enabled for http://localhost:3000/, http://localhost:3001/, http://localhost:5000/ 
2022-01-20 15:54:40 [32minfo[39m: [14396] Worker started 
2022-01-20 15:54:40 [32minfo[39m: Handlebar helpers registration started 
2022-01-20 15:54:40 [33mwarn[39m: Code Injection is enabled. 
2022-01-20 15:54:40 [31merror[39m: Loading custom handlebar helpers from ./custom_handlebar.json failed. File not found. 
2022-01-20 15:54:40 [32minfo[39m: Handlebar helpers registration completed 
2022-01-20 15:54:40 [32minfo[39m: Worker sharing HTTP server at http://localhost:8080 ⛳ 
2022-01-20 17:07:24 [32minfo[39m: [14738] Master Started 
2022-01-20 17:07:24 [32minfo[39m: Cluster metrics server listening to 5555, metrics exposed on http://localhost:5555/metrics 
2022-01-20 17:07:25 [32minfo[39m: CORS enabled for http://localhost:3000/, http://localhost:3001/, http://localhost:5000/ 
2022-01-20 17:07:25 [32minfo[39m: [14742] Worker started 
2022-01-20 17:07:25 [32minfo[39m: Handlebar helpers registration started 
2022-01-20 17:07:25 [33mwarn[39m: Code Injection is enabled. 
2022-01-20 17:07:25 [31merror[39m: Loading custom handlebar helpers from ./custom_handlebar.json failed. File not found. 
2022-01-20 17:07:25 [32minfo[39m: Handlebar helpers registration completed 
2022-01-20 17:07:25 [32minfo[39m: Worker sharing HTTP server at http://localhost:8080 ⛳ 
2022-01-20 17:10:12 [32minfo[39m: [14807] Master Started 
2022-01-20 17:10:12 [32minfo[39m: Cluster metrics server listening to 5655, metrics exposed on http://localhost:5655/metrics 
2022-01-20 17:10:13 [32minfo[39m: CORS enabled for http://localhost:3000/, http://localhost:3001/, http://localhost:5000/, http://localhost:8080 
2022-01-20 17:10:13 [32minfo[39m: [14811] Worker started 
2022-01-20 17:10:13 [32minfo[39m: Handlebar helpers registration started 
2022-01-20 17:10:13 [33mwarn[39m: Code Injection is enabled. 
2022-01-20 17:10:13 [32minfo[39m: Handlebar helpers registration completed 
2022-01-20 17:10:13 [32minfo[39m: Worker sharing HTTP server at http://localhost:9098 ⛳ 
2022-01-20 17:10:44 [31merror[39m: No suitable mock file found: /Users/maguangchen/Desktop/spike_camouflage/mocks/GET.mock 
2022-01-20 17:11:10 [32minfo[39m: [14833] Master Started 
2022-01-20 17:11:10 [32minfo[39m: Cluster metrics server listening to 5655, metrics exposed on http://localhost:5655/metrics 
2022-01-20 17:11:11 [32minfo[39m: CORS enabled for http://localhost:3000/, http://localhost:3001/, http://localhost:5000/, http://localhost:8080 
2022-01-20 17:11:11 [32minfo[39m: [14837] Worker started 
2022-01-20 17:11:11 [32minfo[39m: Handlebar helpers registration started 
2022-01-20 17:11:11 [33mwarn[39m: Code Injection is enabled. 
2022-01-20 17:11:11 [32minfo[39m: Handlebar helpers registration completed 
2022-01-20 17:11:11 [32minfo[39m: Worker sharing HTTP server at http://localhost:9098 ⛳ 
2022-01-20 17:11:27 [31merror[39m: No suitable mock file found: /Users/maguangchen/Desktop/spike_camouflage/proxyMocks/GET.mock 
2022-01-20 17:11:27 [32minfo[39m: 8862869861 
2022-01-20 17:11:28 [32minfo[39m: 2875643152 
2022-01-20 17:11:35 [32minfo[39m: 5089734265 
2022-01-20 17:11:35 [32minfo[39m: 9721178710 
2022-01-20 17:13:24 [32minfo[39m: 5914591734 
2022-01-20 17:17:35 [33mwarn[39m: Unexpected token R in JSON at position 106 
2022-01-20 17:17:44 [33mwarn[39m: Unexpected token R in JSON at position 106 
2022-01-20 17:17:52 [32minfo[39m: 3251620983 
2022-01-20 17:17:52 [33mwarn[39m: Unexpected number in JSON at position 39 
2022-01-20 17:17:54 [32minfo[39m: 7630178586 
2022-01-20 17:18:02 [33mwarn[39m: Unexpected token R in JSON at position 106 
